[2023-09-28T22:13:03.470+0000] {taskinstance.py:1125} INFO - Dependencies all met for dep_context=non-requeueable deps ti=<TaskInstance: resume_generation_dag.generate_resume manual__2023-09-28T22:12:58.804823+00:00 [queued]>
[2023-09-28T22:13:03.478+0000] {taskinstance.py:1125} INFO - Dependencies all met for dep_context=requeueable deps ti=<TaskInstance: resume_generation_dag.generate_resume manual__2023-09-28T22:12:58.804823+00:00 [queued]>
[2023-09-28T22:13:03.479+0000] {taskinstance.py:1331} INFO - Starting attempt 1 of 1
[2023-09-28T22:13:03.487+0000] {taskinstance.py:1350} INFO - Executing <Task(_PythonDecoratedOperator): generate_resume> on 2023-09-28 22:12:58.804823+00:00
[2023-09-28T22:13:03.493+0000] {standard_task_runner.py:57} INFO - Started process 607 to run task
[2023-09-28T22:13:03.496+0000] {standard_task_runner.py:84} INFO - Running: ['***', 'tasks', 'run', 'resume_generation_dag', 'generate_resume', 'manual__2023-09-28T22:12:58.804823+00:00', '--job-id', '6', '--raw', '--subdir', 'DAGS_FOLDER/resume_generation.py', '--cfg-path', '/tmp/tmpmuyu66vh']
[2023-09-28T22:13:03.499+0000] {standard_task_runner.py:85} INFO - Job 6: Subtask generate_resume
[2023-09-28T22:13:03.512+0000] {logging_mixin.py:149} WARNING - /home/***/.local/lib/python3.9/site-packages/***/settings.py:188 DeprecationWarning: The sql_alchemy_conn option in [core] has been moved to the sql_alchemy_conn option in [database] - the old setting has been used, but please update your config.
[2023-09-28T22:13:03.549+0000] {task_command.py:410} INFO - Running <TaskInstance: resume_generation_dag.generate_resume manual__2023-09-28T22:12:58.804823+00:00 [running]> on host 1e7cf5b47aac
[2023-09-28T22:13:03.635+0000] {taskinstance.py:1568} INFO - Exporting env vars: AIRFLOW_CTX_DAG_OWNER='***' AIRFLOW_CTX_DAG_ID='resume_generation_dag' AIRFLOW_CTX_TASK_ID='generate_resume' AIRFLOW_CTX_EXECUTION_DATE='2023-09-28T22:12:58.804823+00:00' AIRFLOW_CTX_TRY_NUMBER='1' AIRFLOW_CTX_DAG_RUN_ID='manual__2023-09-28T22:12:58.804823+00:00'
[2023-09-28T22:13:18.664+0000] {logging_mixin.py:149} INFO - FULL_PATH
[2023-09-28T22:13:18.673+0000] {logging_mixin.py:149} INFO - /opt/***/dags/resumes/Resume_2704989 ONTARIO INC_1.txt
[2023-09-28T22:13:28.912+0000] {logging_mixin.py:149} INFO - FULL_PATH
[2023-09-28T22:13:28.918+0000] {logging_mixin.py:149} INFO - /opt/***/dags/resumes/Resume_Microsoft Corporation_2.txt
[2023-09-28T22:13:43.136+0000] {logging_mixin.py:149} INFO - FULL_PATH
[2023-09-28T22:13:43.165+0000] {logging_mixin.py:149} INFO - /opt/***/dags/resumes/Resume_Coinbase_3.txt
[2023-09-28T22:13:51.459+0000] {logging_mixin.py:149} INFO - FULL_PATH
[2023-09-28T22:13:51.461+0000] {logging_mixin.py:149} INFO - /opt/***/dags/resumes/Resume_Microsoft Corporation_4.txt
[2023-09-28T22:14:00.921+0000] {logging_mixin.py:149} INFO - FULL_PATH
[2023-09-28T22:14:00.925+0000] {logging_mixin.py:149} INFO - /opt/***/dags/resumes/Resume_Ninety_5.txt
[2023-09-28T22:14:11.921+0000] {logging_mixin.py:149} INFO - FULL_PATH
[2023-09-28T22:14:11.927+0000] {logging_mixin.py:149} INFO - /opt/***/dags/resumes/Resume_Randstad_6.txt
[2023-09-28T22:14:20.990+0000] {logging_mixin.py:149} INFO - FULL_PATH
[2023-09-28T22:14:21.013+0000] {logging_mixin.py:149} INFO - /opt/***/dags/resumes/Resume_Econix InfoTech Ltd._7.txt
[2023-09-28T22:14:33.343+0000] {logging_mixin.py:149} INFO - FULL_PATH
[2023-09-28T22:14:33.347+0000] {logging_mixin.py:149} INFO - /opt/***/dags/resumes/Resume_Corus Orthodontists_8.txt
[2023-09-28T22:14:44.846+0000] {logging_mixin.py:149} INFO - FULL_PATH
[2023-09-28T22:14:44.852+0000] {logging_mixin.py:149} INFO - /opt/***/dags/resumes/Resume_Microsoft Corporation_9.txt
[2023-09-28T22:14:57.517+0000] {logging_mixin.py:149} INFO - FULL_PATH
[2023-09-28T22:14:57.529+0000] {logging_mixin.py:149} INFO - /opt/***/dags/resumes/Resume_BHO Tech_10.txt
[2023-09-28T22:15:07.210+0000] {logging_mixin.py:149} INFO - FULL_PATH
[2023-09-28T22:15:07.215+0000] {logging_mixin.py:149} INFO - /opt/***/dags/resumes/Resume_Lime_11.txt
[2023-09-28T22:15:23.800+0000] {logging_mixin.py:149} INFO - FULL_PATH
[2023-09-28T22:15:23.808+0000] {logging_mixin.py:149} INFO - /opt/***/dags/resumes/Resume_University Health Network_12.txt
[2023-09-28T22:15:34.793+0000] {logging_mixin.py:149} INFO - FULL_PATH
[2023-09-28T22:15:34.794+0000] {logging_mixin.py:149} INFO - /opt/***/dags/resumes/Resume_Apex Systems_13.txt
[2023-09-28T22:15:49.051+0000] {logging_mixin.py:149} INFO - FULL_PATH
[2023-09-28T22:15:49.054+0000] {logging_mixin.py:149} INFO - /opt/***/dags/resumes/Resume_TYLin_14.txt
[2023-09-28T22:16:00.321+0000] {logging_mixin.py:149} INFO - FULL_PATH
[2023-09-28T22:16:00.323+0000] {logging_mixin.py:149} INFO - /opt/***/dags/resumes/Resume_Bank of Montreal_15.txt
[2023-09-28T22:16:13.850+0000] {logging_mixin.py:149} INFO - FULL_PATH
[2023-09-28T22:16:13.854+0000] {logging_mixin.py:149} INFO - /opt/***/dags/resumes/Resume_AIO_16.txt
[2023-09-28T22:16:30.094+0000] {logging_mixin.py:149} INFO - FULL_PATH
[2023-09-28T22:16:30.099+0000] {logging_mixin.py:149} INFO - /opt/***/dags/resumes/Resume_Bblue Dream_17.txt
[2023-09-28T22:16:43.851+0000] {logging_mixin.py:149} INFO - FULL_PATH
[2023-09-28T22:16:43.857+0000] {logging_mixin.py:149} INFO - /opt/***/dags/resumes/Resume_Flighthub_18.txt
[2023-09-28T22:16:58.416+0000] {logging_mixin.py:149} INFO - FULL_PATH
[2023-09-28T22:16:58.419+0000] {logging_mixin.py:149} INFO - /opt/***/dags/resumes/Resume_Flash Systems_19.txt
[2023-09-28T22:17:13.343+0000] {logging_mixin.py:149} INFO - FULL_PATH
[2023-09-28T22:17:13.347+0000] {logging_mixin.py:149} INFO - /opt/***/dags/resumes/Resume_Earlyhood Recruitment_20.txt
[2023-09-28T22:17:26.030+0000] {logging_mixin.py:149} INFO - FULL_PATH
[2023-09-28T22:17:26.037+0000] {logging_mixin.py:149} INFO - /opt/***/dags/resumes/Resume_Humana_21.txt
[2023-09-28T22:17:40.255+0000] {logging_mixin.py:149} INFO - FULL_PATH
[2023-09-28T22:17:40.257+0000] {logging_mixin.py:149} INFO - /opt/***/dags/resumes/Resume_Moneris_22.txt
[2023-09-28T22:17:55.006+0000] {logging_mixin.py:149} INFO - FULL_PATH
[2023-09-28T22:17:55.008+0000] {logging_mixin.py:149} INFO - /opt/***/dags/resumes/Resume_Dover Corporation_23.txt
[2023-09-28T22:18:07.401+0000] {logging_mixin.py:149} INFO - FULL_PATH
[2023-09-28T22:18:07.407+0000] {logging_mixin.py:149} INFO - /opt/***/dags/resumes/Resume_Workday Canada_24.txt
[2023-09-28T22:18:07.435+0000] {python.py:183} INFO - Done. Returned value was: None
[2023-09-28T22:18:07.488+0000] {taskinstance.py:1368} INFO - Marking task as SUCCESS. dag_id=resume_generation_dag, task_id=generate_resume, execution_date=20230928T221258, start_date=20230928T221303, end_date=20230928T221807
[2023-09-28T22:18:07.538+0000] {local_task_job_runner.py:232} INFO - Task exited with return code 0
[2023-09-28T22:18:07.569+0000] {taskinstance.py:2674} INFO - 0 downstream tasks scheduled from follow-on schedule check
