[2023-09-28T01:04:30.159+0000] {taskinstance.py:1125} INFO - Dependencies all met for dep_context=non-requeueable deps ti=<TaskInstance: resume_generation_dag.generate_resume manual__2023-09-28T01:04:26.098576+00:00 [queued]>
[2023-09-28T01:04:30.165+0000] {taskinstance.py:1125} INFO - Dependencies all met for dep_context=requeueable deps ti=<TaskInstance: resume_generation_dag.generate_resume manual__2023-09-28T01:04:26.098576+00:00 [queued]>
[2023-09-28T01:04:30.166+0000] {taskinstance.py:1331} INFO - Starting attempt 1 of 1
[2023-09-28T01:04:30.173+0000] {taskinstance.py:1350} INFO - Executing <Task(_PythonDecoratedOperator): generate_resume> on 2023-09-28 01:04:26.098576+00:00
[2023-09-28T01:04:30.178+0000] {standard_task_runner.py:57} INFO - Started process 823 to run task
[2023-09-28T01:04:30.181+0000] {standard_task_runner.py:84} INFO - Running: ['***', 'tasks', 'run', 'resume_generation_dag', 'generate_resume', 'manual__2023-09-28T01:04:26.098576+00:00', '--job-id', '6', '--raw', '--subdir', 'DAGS_FOLDER/resume_generation.py', '--cfg-path', '/tmp/tmpf0sl3edc']
[2023-09-28T01:04:30.185+0000] {standard_task_runner.py:85} INFO - Job 6: Subtask generate_resume
[2023-09-28T01:04:30.197+0000] {logging_mixin.py:149} WARNING - /home/***/.local/lib/python3.9/site-packages/***/settings.py:188 DeprecationWarning: The sql_alchemy_conn option in [core] has been moved to the sql_alchemy_conn option in [database] - the old setting has been used, but please update your config.
[2023-09-28T01:04:30.223+0000] {task_command.py:410} INFO - Running <TaskInstance: resume_generation_dag.generate_resume manual__2023-09-28T01:04:26.098576+00:00 [running]> on host 307abc1482f8
[2023-09-28T01:04:30.277+0000] {taskinstance.py:1568} INFO - Exporting env vars: AIRFLOW_CTX_DAG_OWNER='***' AIRFLOW_CTX_DAG_ID='resume_generation_dag' AIRFLOW_CTX_TASK_ID='generate_resume' AIRFLOW_CTX_EXECUTION_DATE='2023-09-28T01:04:26.098576+00:00' AIRFLOW_CTX_TRY_NUMBER='1' AIRFLOW_CTX_DAG_RUN_ID='manual__2023-09-28T01:04:26.098576+00:00'
[2023-09-28T01:04:52.066+0000] {logging_mixin.py:149} INFO - FULL_PATH
[2023-09-28T01:04:52.070+0000] {logging_mixin.py:149} INFO - /opt/***/dags/resumes/Resume_NEARSOURCE TECHNOLOGIES_1.txt
[2023-09-28T01:05:09.568+0000] {logging_mixin.py:149} INFO - FULL_PATH
[2023-09-28T01:05:09.587+0000] {logging_mixin.py:149} INFO - /opt/***/dags/resumes/Resume_Arista Networks_2.txt
[2023-09-28T01:05:31.768+0000] {logging_mixin.py:149} INFO - FULL_PATH
[2023-09-28T01:05:31.775+0000] {logging_mixin.py:149} INFO - /opt/***/dags/resumes/Resume_Workafy_3.txt
[2023-09-28T01:05:51.132+0000] {logging_mixin.py:149} INFO - FULL_PATH
[2023-09-28T01:05:51.134+0000] {logging_mixin.py:149} INFO - /opt/***/dags/resumes/Resume_Electronic Arts_4.txt
[2023-09-28T01:06:10.251+0000] {logging_mixin.py:149} INFO - FULL_PATH
[2023-09-28T01:06:10.255+0000] {logging_mixin.py:149} INFO - /opt/***/dags/resumes/Resume_LightBox_5.txt
[2023-09-28T01:06:23.563+0000] {logging_mixin.py:149} INFO - FULL_PATH
[2023-09-28T01:06:23.569+0000] {logging_mixin.py:149} INFO - /opt/***/dags/resumes/Resume_Microsoft_6.txt
[2023-09-28T01:06:23.583+0000] {python.py:183} INFO - Done. Returned value was: None
[2023-09-28T01:06:23.608+0000] {taskinstance.py:1368} INFO - Marking task as SUCCESS. dag_id=resume_generation_dag, task_id=generate_resume, execution_date=20230928T010426, start_date=20230928T010430, end_date=20230928T010623
[2023-09-28T01:06:23.667+0000] {local_task_job_runner.py:232} INFO - Task exited with return code 0
[2023-09-28T01:06:23.680+0000] {taskinstance.py:2674} INFO - 0 downstream tasks scheduled from follow-on schedule check
