[2023-09-22T22:19:21.022+0000] {taskinstance.py:1125} INFO - Dependencies all met for dep_context=non-requeueable deps ti=<TaskInstance: job_extraction_with_task_flow.create_cassandra_session manual__2023-09-22T22:19:15.863037+00:00 [queued]>
[2023-09-22T22:19:21.037+0000] {taskinstance.py:1125} INFO - Dependencies all met for dep_context=requeueable deps ti=<TaskInstance: job_extraction_with_task_flow.create_cassandra_session manual__2023-09-22T22:19:15.863037+00:00 [queued]>
[2023-09-22T22:19:21.038+0000] {taskinstance.py:1331} INFO - Starting attempt 1 of 1
[2023-09-22T22:19:21.046+0000] {taskinstance.py:1350} INFO - Executing <Task(_PythonDecoratedOperator): create_cassandra_session> on 2023-09-22 22:19:15.863037+00:00
[2023-09-22T22:19:21.058+0000] {standard_task_runner.py:57} INFO - Started process 282 to run task
[2023-09-22T22:19:21.070+0000] {standard_task_runner.py:84} INFO - Running: ['***', 'tasks', 'run', 'job_extraction_with_task_flow', 'create_cassandra_session', 'manual__2023-09-22T22:19:15.863037+00:00', '--job-id', '4', '--raw', '--subdir', 'DAGS_FOLDER/test3.py', '--cfg-path', '/tmp/tmp2ww0nj0y']
[2023-09-22T22:19:21.078+0000] {standard_task_runner.py:85} INFO - Job 4: Subtask create_cassandra_session
[2023-09-22T22:19:24.377+0000] {logging_mixin.py:149} WARNING - /home/***/.local/lib/python3.9/site-packages/***/settings.py:188 DeprecationWarning: The sql_alchemy_conn option in [core] has been moved to the sql_alchemy_conn option in [database] - the old setting has been used, but please update your config.
[2023-09-22T22:19:25.840+0000] {task_command.py:410} INFO - Running <TaskInstance: job_extraction_with_task_flow.create_cassandra_session manual__2023-09-22T22:19:15.863037+00:00 [running]> on host 94a57e116d67
[2023-09-22T22:19:29.209+0000] {taskinstance.py:1568} INFO - Exporting env vars: AIRFLOW_CTX_DAG_OWNER='***' AIRFLOW_CTX_DAG_ID='job_extraction_with_task_flow' AIRFLOW_CTX_TASK_ID='create_cassandra_session' AIRFLOW_CTX_EXECUTION_DATE='2023-09-22T22:19:15.863037+00:00' AIRFLOW_CTX_TRY_NUMBER='1' AIRFLOW_CTX_DAG_RUN_ID='manual__2023-09-22T22:19:15.863037+00:00'
[2023-09-22T22:19:29.259+0000] {taskinstance.py:1847} ERROR - Task failed with exception
Traceback (most recent call last):
  File "/home/airflow/.local/lib/python3.9/site-packages/airflow/decorators/base.py", line 220, in execute
    return_value = super().execute(context)
  File "/home/airflow/.local/lib/python3.9/site-packages/airflow/operators/python.py", line 181, in execute
    return_value = self.execute_callable()
  File "/home/airflow/.local/lib/python3.9/site-packages/airflow/operators/python.py", line 198, in execute_callable
    return self.python_callable(*self.op_args, **self.op_kwargs)
  File "/opt/airflow/dags/test3.py", line 93, in create_cassandra_session
    return CassandraSessions(keyspace='job_data')
  File "/opt/airflow/dags/database.py", line 12, in __init__
    self.cluster = Cluster(nodes)
  File "cassandra/cluster.py", line 1191, in cassandra.cluster.Cluster.__init__
cassandra.UnresolvableContactPoints: {}
[2023-09-22T22:19:29.753+0000] {taskinstance.py:1368} INFO - Marking task as FAILED. dag_id=job_extraction_with_task_flow, task_id=create_cassandra_session, execution_date=20230922T221915, start_date=20230922T221921, end_date=20230922T221929
[2023-09-22T22:19:29.763+0000] {standard_task_runner.py:104} ERROR - Failed to execute job 4 for task create_cassandra_session ({}; 282)
[2023-09-22T22:19:29.802+0000] {local_task_job_runner.py:232} INFO - Task exited with return code 1
[2023-09-22T22:19:29.821+0000] {taskinstance.py:2674} INFO - 0 downstream tasks scheduled from follow-on schedule check
