[2023-10-03T20:08:12.319+0000] {taskinstance.py:1125} INFO - Dependencies all met for dep_context=non-requeueable deps ti=<TaskInstance: resume_generation_dag.generate_resume manual__2023-10-03T20:08:08.136113+00:00 [queued]>
[2023-10-03T20:08:12.325+0000] {taskinstance.py:1125} INFO - Dependencies all met for dep_context=requeueable deps ti=<TaskInstance: resume_generation_dag.generate_resume manual__2023-10-03T20:08:08.136113+00:00 [queued]>
[2023-10-03T20:08:12.326+0000] {taskinstance.py:1331} INFO - Starting attempt 1 of 1
[2023-10-03T20:08:12.334+0000] {taskinstance.py:1350} INFO - Executing <Task(_PythonDecoratedOperator): generate_resume> on 2023-10-03 20:08:08.136113+00:00
[2023-10-03T20:08:12.338+0000] {standard_task_runner.py:57} INFO - Started process 440 to run task
[2023-10-03T20:08:12.341+0000] {standard_task_runner.py:84} INFO - Running: ['***', 'tasks', 'run', 'resume_generation_dag', 'generate_resume', 'manual__2023-10-03T20:08:08.136113+00:00', '--job-id', '6', '--raw', '--subdir', 'DAGS_FOLDER/resume_generation.py', '--cfg-path', '/tmp/tmp_kripb7u']
[2023-10-03T20:08:12.343+0000] {standard_task_runner.py:85} INFO - Job 6: Subtask generate_resume
[2023-10-03T20:08:12.355+0000] {logging_mixin.py:149} WARNING - /home/***/.local/lib/python3.9/site-packages/***/settings.py:188 DeprecationWarning: The sql_alchemy_conn option in [core] has been moved to the sql_alchemy_conn option in [database] - the old setting has been used, but please update your config.
[2023-10-03T20:08:12.383+0000] {task_command.py:410} INFO - Running <TaskInstance: resume_generation_dag.generate_resume manual__2023-10-03T20:08:08.136113+00:00 [running]> on host a33d26085276
[2023-10-03T20:08:12.442+0000] {taskinstance.py:1568} INFO - Exporting env vars: AIRFLOW_CTX_DAG_OWNER='***' AIRFLOW_CTX_DAG_ID='resume_generation_dag' AIRFLOW_CTX_TASK_ID='generate_resume' AIRFLOW_CTX_EXECUTION_DATE='2023-10-03T20:08:08.136113+00:00' AIRFLOW_CTX_TRY_NUMBER='1' AIRFLOW_CTX_DAG_RUN_ID='manual__2023-10-03T20:08:08.136113+00:00'
[2023-10-03T20:08:55.501+0000] {logging_mixin.py:149} INFO - FULL_PATH
[2023-10-03T20:08:55.507+0000] {logging_mixin.py:149} INFO - /opt/***/dags/resumes/Resume_1206067 B.C. LTD._1.txt
[2023-10-03T20:09:43.898+0000] {logging_mixin.py:149} INFO - FULL_PATH
[2023-10-03T20:09:43.904+0000] {logging_mixin.py:149} INFO - /opt/***/dags/resumes/Resume_Mb Staffing Services LLC_2.txt
[2023-10-03T20:10:37.867+0000] {logging_mixin.py:149} INFO - FULL_PATH
[2023-10-03T20:10:37.873+0000] {logging_mixin.py:149} INFO - /opt/***/dags/resumes/Resume_Intuit_3.txt
[2023-10-03T20:11:25.768+0000] {logging_mixin.py:149} INFO - FULL_PATH
[2023-10-03T20:11:25.974+0000] {logging_mixin.py:149} INFO - /opt/***/dags/resumes/Resume_Olympic Industries ULC_4.txt
[2023-10-03T20:12:28.604+0000] {logging_mixin.py:149} INFO - FULL_PATH
[2023-10-03T20:12:28.609+0000] {logging_mixin.py:149} INFO - /opt/***/dags/resumes/Resume_Ripple_5.txt
[2023-10-03T20:13:27.247+0000] {logging_mixin.py:149} INFO - FULL_PATH
[2023-10-03T20:13:27.255+0000] {logging_mixin.py:149} INFO - /opt/***/dags/resumes/Resume_Cash App_6.txt
[2023-10-03T20:14:22.110+0000] {logging_mixin.py:149} INFO - FULL_PATH
[2023-10-03T20:14:22.117+0000] {logging_mixin.py:149} INFO - /opt/***/dags/resumes/Resume_Flighthub_7.txt
[2023-10-03T20:15:20.615+0000] {logging_mixin.py:149} INFO - FULL_PATH
[2023-10-03T20:15:20.625+0000] {logging_mixin.py:149} INFO - /opt/***/dags/resumes/Resume_Radley James_8.txt
[2023-10-03T20:16:13.252+0000] {logging_mixin.py:149} INFO - FULL_PATH
[2023-10-03T20:16:13.257+0000] {logging_mixin.py:149} INFO - /opt/***/dags/resumes/Resume_Sony Playstation_9.txt
[2023-10-03T20:17:04.737+0000] {logging_mixin.py:149} INFO - FULL_PATH
[2023-10-03T20:17:04.740+0000] {logging_mixin.py:149} INFO - /opt/***/dags/resumes/Resume_Altis Technology_10.txt
[2023-10-03T20:17:55.160+0000] {logging_mixin.py:149} INFO - FULL_PATH
[2023-10-03T20:17:55.198+0000] {logging_mixin.py:149} INFO - /opt/***/dags/resumes/Resume_Adastra Corporation_11.txt
[2023-10-03T20:17:55.318+0000] {python.py:183} INFO - Done. Returned value was: None
[2023-10-03T20:17:56.163+0000] {taskinstance.py:1368} INFO - Marking task as SUCCESS. dag_id=resume_generation_dag, task_id=generate_resume, execution_date=20231003T200808, start_date=20231003T200812, end_date=20231003T201756
[2023-10-03T20:17:56.266+0000] {local_task_job_runner.py:232} INFO - Task exited with return code 0
[2023-10-03T20:17:56.311+0000] {taskinstance.py:2674} INFO - 0 downstream tasks scheduled from follow-on schedule check
