[2023-09-27T23:54:10.658+0000] {processor.py:156} INFO - Started process (PID=169) to work on /opt/airflow/dags/ETL.py
[2023-09-27T23:54:10.660+0000] {processor.py:799} INFO - Processing file /opt/airflow/dags/ETL.py for tasks to queue
[2023-09-27T23:54:10.662+0000] {logging_mixin.py:149} INFO - [2023-09-27T23:54:10.662+0000] {dagbag.py:541} INFO - Filling up the DagBag from /opt/airflow/dags/ETL.py
[2023-09-27T23:54:12.065+0000] {logging_mixin.py:149} INFO - [2023-09-27T23:54:12.065+0000] {utils.py:160} INFO - NumExpr defaulting to 4 threads.
[2023-09-27T23:54:12.558+0000] {processor.py:809} INFO - DAG(s) dict_keys(['job_extraction_with_task_flow']) retrieved from /opt/airflow/dags/ETL.py
[2023-09-27T23:54:12.736+0000] {logging_mixin.py:149} INFO - [2023-09-27T23:54:12.736+0000] {manager.py:504} INFO - Created Permission View: can delete on DAG:job_extraction_with_task_flow
[2023-09-27T23:54:12.743+0000] {logging_mixin.py:149} INFO - [2023-09-27T23:54:12.743+0000] {manager.py:504} INFO - Created Permission View: can edit on DAG:job_extraction_with_task_flow
[2023-09-27T23:54:12.755+0000] {logging_mixin.py:149} INFO - [2023-09-27T23:54:12.755+0000] {manager.py:504} INFO - Created Permission View: can read on DAG:job_extraction_with_task_flow
[2023-09-27T23:54:12.757+0000] {logging_mixin.py:149} INFO - [2023-09-27T23:54:12.756+0000] {dag.py:2726} INFO - Sync 1 DAGs
[2023-09-27T23:54:12.766+0000] {logging_mixin.py:149} INFO - [2023-09-27T23:54:12.765+0000] {dag.py:2747} INFO - Creating ORM DAG for job_extraction_with_task_flow
[2023-09-27T23:54:12.773+0000] {logging_mixin.py:149} INFO - [2023-09-27T23:54:12.773+0000] {dag.py:3486} INFO - Setting next_dagrun for job_extraction_with_task_flow to None, run_after=None
[2023-09-27T23:54:12.787+0000] {processor.py:178} INFO - Processing /opt/airflow/dags/ETL.py took 2.132 seconds
[2023-09-27T23:54:43.200+0000] {processor.py:156} INFO - Started process (PID=193) to work on /opt/airflow/dags/ETL.py
[2023-09-27T23:54:43.202+0000] {processor.py:799} INFO - Processing file /opt/airflow/dags/ETL.py for tasks to queue
[2023-09-27T23:54:43.205+0000] {logging_mixin.py:149} INFO - [2023-09-27T23:54:43.205+0000] {dagbag.py:541} INFO - Filling up the DagBag from /opt/airflow/dags/ETL.py
[2023-09-27T23:54:44.969+0000] {logging_mixin.py:149} INFO - [2023-09-27T23:54:44.969+0000] {utils.py:160} INFO - NumExpr defaulting to 4 threads.
[2023-09-27T23:54:45.285+0000] {processor.py:809} INFO - DAG(s) dict_keys(['job_extraction_with_task_flow']) retrieved from /opt/airflow/dags/ETL.py
[2023-09-27T23:54:45.325+0000] {logging_mixin.py:149} INFO - [2023-09-27T23:54:45.325+0000] {dag.py:2726} INFO - Sync 1 DAGs
[2023-09-27T23:54:45.337+0000] {logging_mixin.py:149} INFO - [2023-09-27T23:54:45.337+0000] {dag.py:3486} INFO - Setting next_dagrun for job_extraction_with_task_flow to None, run_after=None
[2023-09-27T23:54:45.354+0000] {processor.py:178} INFO - Processing /opt/airflow/dags/ETL.py took 2.159 seconds
[2023-09-27T23:55:15.708+0000] {processor.py:156} INFO - Started process (PID=217) to work on /opt/airflow/dags/ETL.py
[2023-09-27T23:55:15.709+0000] {processor.py:799} INFO - Processing file /opt/airflow/dags/ETL.py for tasks to queue
[2023-09-27T23:55:15.712+0000] {logging_mixin.py:149} INFO - [2023-09-27T23:55:15.712+0000] {dagbag.py:541} INFO - Filling up the DagBag from /opt/airflow/dags/ETL.py
[2023-09-27T23:55:16.518+0000] {logging_mixin.py:149} INFO - [2023-09-27T23:55:16.517+0000] {utils.py:160} INFO - NumExpr defaulting to 4 threads.
[2023-09-27T23:55:16.748+0000] {processor.py:809} INFO - DAG(s) dict_keys(['job_extraction_with_task_flow']) retrieved from /opt/airflow/dags/ETL.py
[2023-09-27T23:55:16.765+0000] {logging_mixin.py:149} INFO - [2023-09-27T23:55:16.764+0000] {dag.py:2726} INFO - Sync 1 DAGs
[2023-09-27T23:55:16.777+0000] {logging_mixin.py:149} INFO - [2023-09-27T23:55:16.777+0000] {dag.py:3486} INFO - Setting next_dagrun for job_extraction_with_task_flow to None, run_after=None
[2023-09-27T23:55:16.804+0000] {processor.py:178} INFO - Processing /opt/airflow/dags/ETL.py took 1.099 seconds
[2023-09-27T23:55:47.186+0000] {processor.py:156} INFO - Started process (PID=241) to work on /opt/airflow/dags/ETL.py
[2023-09-27T23:55:47.188+0000] {processor.py:799} INFO - Processing file /opt/airflow/dags/ETL.py for tasks to queue
[2023-09-27T23:55:47.190+0000] {logging_mixin.py:149} INFO - [2023-09-27T23:55:47.189+0000] {dagbag.py:541} INFO - Filling up the DagBag from /opt/airflow/dags/ETL.py
[2023-09-27T23:55:48.090+0000] {logging_mixin.py:149} INFO - [2023-09-27T23:55:48.090+0000] {utils.py:160} INFO - NumExpr defaulting to 4 threads.
[2023-09-27T23:55:48.377+0000] {processor.py:809} INFO - DAG(s) dict_keys(['job_extraction_with_task_flow']) retrieved from /opt/airflow/dags/ETL.py
[2023-09-27T23:55:48.395+0000] {logging_mixin.py:149} INFO - [2023-09-27T23:55:48.395+0000] {dag.py:2726} INFO - Sync 1 DAGs
[2023-09-27T23:55:48.413+0000] {logging_mixin.py:149} INFO - [2023-09-27T23:55:48.413+0000] {dag.py:3486} INFO - Setting next_dagrun for job_extraction_with_task_flow to None, run_after=None
[2023-09-27T23:55:48.425+0000] {processor.py:178} INFO - Processing /opt/airflow/dags/ETL.py took 1.242 seconds
[2023-09-27T23:56:18.600+0000] {processor.py:156} INFO - Started process (PID=284) to work on /opt/airflow/dags/ETL.py
[2023-09-27T23:56:18.602+0000] {processor.py:799} INFO - Processing file /opt/airflow/dags/ETL.py for tasks to queue
[2023-09-27T23:56:18.603+0000] {logging_mixin.py:149} INFO - [2023-09-27T23:56:18.603+0000] {dagbag.py:541} INFO - Filling up the DagBag from /opt/airflow/dags/ETL.py
[2023-09-27T23:56:19.578+0000] {logging_mixin.py:149} INFO - [2023-09-27T23:56:19.578+0000] {utils.py:160} INFO - NumExpr defaulting to 4 threads.
[2023-09-27T23:56:19.782+0000] {processor.py:809} INFO - DAG(s) dict_keys(['job_extraction_with_task_flow']) retrieved from /opt/airflow/dags/ETL.py
[2023-09-27T23:56:19.818+0000] {logging_mixin.py:149} INFO - [2023-09-27T23:56:19.817+0000] {dag.py:2726} INFO - Sync 1 DAGs
[2023-09-27T23:56:19.832+0000] {logging_mixin.py:149} INFO - [2023-09-27T23:56:19.831+0000] {dag.py:3486} INFO - Setting next_dagrun for job_extraction_with_task_flow to None, run_after=None
[2023-09-27T23:56:19.845+0000] {processor.py:178} INFO - Processing /opt/airflow/dags/ETL.py took 1.248 seconds
[2023-09-27T23:56:50.109+0000] {processor.py:156} INFO - Started process (PID=308) to work on /opt/airflow/dags/ETL.py
[2023-09-27T23:56:50.112+0000] {processor.py:799} INFO - Processing file /opt/airflow/dags/ETL.py for tasks to queue
[2023-09-27T23:56:50.115+0000] {logging_mixin.py:149} INFO - [2023-09-27T23:56:50.115+0000] {dagbag.py:541} INFO - Filling up the DagBag from /opt/airflow/dags/ETL.py
[2023-09-27T23:56:51.567+0000] {logging_mixin.py:149} INFO - [2023-09-27T23:56:51.566+0000] {utils.py:160} INFO - NumExpr defaulting to 4 threads.
[2023-09-27T23:56:51.808+0000] {processor.py:809} INFO - DAG(s) dict_keys(['job_extraction_with_task_flow']) retrieved from /opt/airflow/dags/ETL.py
[2023-09-27T23:56:51.859+0000] {logging_mixin.py:149} INFO - [2023-09-27T23:56:51.859+0000] {dag.py:2726} INFO - Sync 1 DAGs
[2023-09-27T23:56:51.871+0000] {logging_mixin.py:149} INFO - [2023-09-27T23:56:51.871+0000] {dag.py:3486} INFO - Setting next_dagrun for job_extraction_with_task_flow to None, run_after=None
[2023-09-27T23:56:51.886+0000] {processor.py:178} INFO - Processing /opt/airflow/dags/ETL.py took 1.792 seconds
[2023-09-27T23:57:22.396+0000] {processor.py:156} INFO - Started process (PID=332) to work on /opt/airflow/dags/ETL.py
[2023-09-27T23:57:22.397+0000] {processor.py:799} INFO - Processing file /opt/airflow/dags/ETL.py for tasks to queue
[2023-09-27T23:57:22.401+0000] {logging_mixin.py:149} INFO - [2023-09-27T23:57:22.400+0000] {dagbag.py:541} INFO - Filling up the DagBag from /opt/airflow/dags/ETL.py
[2023-09-27T23:57:23.465+0000] {logging_mixin.py:149} INFO - [2023-09-27T23:57:23.464+0000] {utils.py:160} INFO - NumExpr defaulting to 4 threads.
[2023-09-27T23:57:35.486+0000] {processor.py:809} INFO - DAG(s) dict_keys(['job_extraction_with_task_flow']) retrieved from /opt/airflow/dags/ETL.py
[2023-09-27T23:57:39.114+0000] {logging_mixin.py:149} INFO - [2023-09-27T23:57:39.113+0000] {dag.py:2726} INFO - Sync 1 DAGs
[2023-09-27T23:57:39.131+0000] {logging_mixin.py:149} INFO - [2023-09-27T23:57:39.130+0000] {dag.py:3486} INFO - Setting next_dagrun for job_extraction_with_task_flow to None, run_after=None
[2023-09-27T23:57:39.164+0000] {processor.py:178} INFO - Processing /opt/airflow/dags/ETL.py took 16.773 seconds
[2023-09-27T23:58:09.500+0000] {processor.py:156} INFO - Started process (PID=356) to work on /opt/airflow/dags/ETL.py
[2023-09-27T23:58:09.502+0000] {processor.py:799} INFO - Processing file /opt/airflow/dags/ETL.py for tasks to queue
[2023-09-27T23:58:09.504+0000] {logging_mixin.py:149} INFO - [2023-09-27T23:58:09.504+0000] {dagbag.py:541} INFO - Filling up the DagBag from /opt/airflow/dags/ETL.py
[2023-09-27T23:58:10.548+0000] {logging_mixin.py:149} INFO - [2023-09-27T23:58:10.547+0000] {utils.py:160} INFO - NumExpr defaulting to 4 threads.
[2023-09-27T23:58:10.952+0000] {processor.py:809} INFO - DAG(s) dict_keys(['job_extraction_with_task_flow']) retrieved from /opt/airflow/dags/ETL.py
[2023-09-27T23:58:10.973+0000] {logging_mixin.py:149} INFO - [2023-09-27T23:58:10.973+0000] {dag.py:2726} INFO - Sync 1 DAGs
[2023-09-27T23:58:10.988+0000] {logging_mixin.py:149} INFO - [2023-09-27T23:58:10.988+0000] {dag.py:3486} INFO - Setting next_dagrun for job_extraction_with_task_flow to None, run_after=None
[2023-09-27T23:58:10.999+0000] {processor.py:178} INFO - Processing /opt/airflow/dags/ETL.py took 1.504 seconds
[2023-09-27T23:58:41.529+0000] {processor.py:156} INFO - Started process (PID=380) to work on /opt/airflow/dags/ETL.py
[2023-09-27T23:58:41.532+0000] {processor.py:799} INFO - Processing file /opt/airflow/dags/ETL.py for tasks to queue
[2023-09-27T23:58:41.534+0000] {logging_mixin.py:149} INFO - [2023-09-27T23:58:41.534+0000] {dagbag.py:541} INFO - Filling up the DagBag from /opt/airflow/dags/ETL.py
[2023-09-27T23:58:42.306+0000] {logging_mixin.py:149} INFO - [2023-09-27T23:58:42.306+0000] {utils.py:160} INFO - NumExpr defaulting to 4 threads.
[2023-09-27T23:58:42.457+0000] {processor.py:809} INFO - DAG(s) dict_keys(['job_extraction_with_task_flow']) retrieved from /opt/airflow/dags/ETL.py
[2023-09-27T23:58:42.475+0000] {logging_mixin.py:149} INFO - [2023-09-27T23:58:42.475+0000] {dag.py:2726} INFO - Sync 1 DAGs
[2023-09-27T23:58:42.488+0000] {logging_mixin.py:149} INFO - [2023-09-27T23:58:42.488+0000] {dag.py:3486} INFO - Setting next_dagrun for job_extraction_with_task_flow to None, run_after=None
[2023-09-27T23:58:42.500+0000] {processor.py:178} INFO - Processing /opt/airflow/dags/ETL.py took 0.979 seconds
[2023-09-27T23:59:13.136+0000] {processor.py:156} INFO - Started process (PID=413) to work on /opt/airflow/dags/ETL.py
[2023-09-27T23:59:13.140+0000] {processor.py:799} INFO - Processing file /opt/airflow/dags/ETL.py for tasks to queue
[2023-09-27T23:59:13.143+0000] {logging_mixin.py:149} INFO - [2023-09-27T23:59:13.142+0000] {dagbag.py:541} INFO - Filling up the DagBag from /opt/airflow/dags/ETL.py
[2023-09-27T23:59:13.919+0000] {logging_mixin.py:149} INFO - [2023-09-27T23:59:13.919+0000] {utils.py:160} INFO - NumExpr defaulting to 4 threads.
[2023-09-27T23:59:14.197+0000] {processor.py:809} INFO - DAG(s) dict_keys(['job_extraction_with_task_flow']) retrieved from /opt/airflow/dags/ETL.py
[2023-09-27T23:59:14.214+0000] {logging_mixin.py:149} INFO - [2023-09-27T23:59:14.214+0000] {dag.py:2726} INFO - Sync 1 DAGs
[2023-09-27T23:59:14.225+0000] {logging_mixin.py:149} INFO - [2023-09-27T23:59:14.225+0000] {dag.py:3486} INFO - Setting next_dagrun for job_extraction_with_task_flow to None, run_after=None
[2023-09-27T23:59:14.235+0000] {processor.py:178} INFO - Processing /opt/airflow/dags/ETL.py took 1.105 seconds
[2023-09-27T23:59:44.599+0000] {processor.py:156} INFO - Started process (PID=437) to work on /opt/airflow/dags/ETL.py
[2023-09-27T23:59:44.603+0000] {processor.py:799} INFO - Processing file /opt/airflow/dags/ETL.py for tasks to queue
[2023-09-27T23:59:44.605+0000] {logging_mixin.py:149} INFO - [2023-09-27T23:59:44.605+0000] {dagbag.py:541} INFO - Filling up the DagBag from /opt/airflow/dags/ETL.py
[2023-09-27T23:59:45.353+0000] {logging_mixin.py:149} INFO - [2023-09-27T23:59:45.353+0000] {utils.py:160} INFO - NumExpr defaulting to 4 threads.
[2023-09-27T23:59:45.512+0000] {processor.py:809} INFO - DAG(s) dict_keys(['job_extraction_with_task_flow']) retrieved from /opt/airflow/dags/ETL.py
[2023-09-27T23:59:45.532+0000] {logging_mixin.py:149} INFO - [2023-09-27T23:59:45.532+0000] {dag.py:2726} INFO - Sync 1 DAGs
[2023-09-27T23:59:45.544+0000] {logging_mixin.py:149} INFO - [2023-09-27T23:59:45.544+0000] {dag.py:3486} INFO - Setting next_dagrun for job_extraction_with_task_flow to None, run_after=None
[2023-09-27T23:59:45.558+0000] {processor.py:178} INFO - Processing /opt/airflow/dags/ETL.py took 0.965 seconds
