[2023-09-27T23:54:10.661+0000] {processor.py:156} INFO - Started process (PID=172) to work on /opt/airflow/dags/resume_generation.py
[2023-09-27T23:54:10.662+0000] {processor.py:799} INFO - Processing file /opt/airflow/dags/resume_generation.py for tasks to queue
[2023-09-27T23:54:10.664+0000] {logging_mixin.py:149} INFO - [2023-09-27T23:54:10.663+0000] {dagbag.py:541} INFO - Filling up the DagBag from /opt/airflow/dags/resume_generation.py
[2023-09-27T23:54:12.065+0000] {logging_mixin.py:149} INFO - [2023-09-27T23:54:12.065+0000] {utils.py:160} INFO - NumExpr defaulting to 4 threads.
[2023-09-27T23:54:12.558+0000] {processor.py:809} INFO - DAG(s) dict_keys(['resume_generation_dag']) retrieved from /opt/airflow/dags/resume_generation.py
[2023-09-27T23:54:12.736+0000] {logging_mixin.py:149} INFO - [2023-09-27T23:54:12.736+0000] {manager.py:504} INFO - Created Permission View: can delete on DAG:resume_generation_dag
[2023-09-27T23:54:12.743+0000] {logging_mixin.py:149} INFO - [2023-09-27T23:54:12.743+0000] {manager.py:504} INFO - Created Permission View: can edit on DAG:resume_generation_dag
[2023-09-27T23:54:12.755+0000] {logging_mixin.py:149} INFO - [2023-09-27T23:54:12.755+0000] {manager.py:504} INFO - Created Permission View: can read on DAG:resume_generation_dag
[2023-09-27T23:54:12.757+0000] {logging_mixin.py:149} INFO - [2023-09-27T23:54:12.756+0000] {dag.py:2726} INFO - Sync 1 DAGs
[2023-09-27T23:54:12.766+0000] {logging_mixin.py:149} INFO - [2023-09-27T23:54:12.765+0000] {dag.py:2747} INFO - Creating ORM DAG for resume_generation_dag
[2023-09-27T23:54:12.772+0000] {logging_mixin.py:149} INFO - [2023-09-27T23:54:12.772+0000] {dag.py:3486} INFO - Setting next_dagrun for resume_generation_dag to None, run_after=None
[2023-09-27T23:54:12.786+0000] {processor.py:178} INFO - Processing /opt/airflow/dags/resume_generation.py took 2.127 seconds
[2023-09-27T23:54:43.207+0000] {processor.py:156} INFO - Started process (PID=196) to work on /opt/airflow/dags/resume_generation.py
[2023-09-27T23:54:43.209+0000] {processor.py:799} INFO - Processing file /opt/airflow/dags/resume_generation.py for tasks to queue
[2023-09-27T23:54:43.211+0000] {logging_mixin.py:149} INFO - [2023-09-27T23:54:43.211+0000] {dagbag.py:541} INFO - Filling up the DagBag from /opt/airflow/dags/resume_generation.py
[2023-09-27T23:54:44.969+0000] {logging_mixin.py:149} INFO - [2023-09-27T23:54:44.969+0000] {utils.py:160} INFO - NumExpr defaulting to 4 threads.
[2023-09-27T23:54:45.285+0000] {processor.py:809} INFO - DAG(s) dict_keys(['resume_generation_dag']) retrieved from /opt/airflow/dags/resume_generation.py
[2023-09-27T23:54:45.325+0000] {logging_mixin.py:149} INFO - [2023-09-27T23:54:45.325+0000] {dag.py:2726} INFO - Sync 1 DAGs
[2023-09-27T23:54:45.337+0000] {logging_mixin.py:149} INFO - [2023-09-27T23:54:45.337+0000] {dag.py:3486} INFO - Setting next_dagrun for resume_generation_dag to None, run_after=None
[2023-09-27T23:54:45.354+0000] {processor.py:178} INFO - Processing /opt/airflow/dags/resume_generation.py took 2.152 seconds
[2023-09-27T23:55:15.708+0000] {processor.py:156} INFO - Started process (PID=219) to work on /opt/airflow/dags/resume_generation.py
[2023-09-27T23:55:15.709+0000] {processor.py:799} INFO - Processing file /opt/airflow/dags/resume_generation.py for tasks to queue
[2023-09-27T23:55:15.712+0000] {logging_mixin.py:149} INFO - [2023-09-27T23:55:15.712+0000] {dagbag.py:541} INFO - Filling up the DagBag from /opt/airflow/dags/resume_generation.py
[2023-09-27T23:55:16.520+0000] {logging_mixin.py:149} INFO - [2023-09-27T23:55:16.519+0000] {utils.py:160} INFO - NumExpr defaulting to 4 threads.
[2023-09-27T23:55:16.747+0000] {processor.py:809} INFO - DAG(s) dict_keys(['resume_generation_dag']) retrieved from /opt/airflow/dags/resume_generation.py
[2023-09-27T23:55:16.765+0000] {logging_mixin.py:149} INFO - [2023-09-27T23:55:16.764+0000] {dag.py:2726} INFO - Sync 1 DAGs
[2023-09-27T23:55:16.777+0000] {logging_mixin.py:149} INFO - [2023-09-27T23:55:16.777+0000] {dag.py:3486} INFO - Setting next_dagrun for resume_generation_dag to None, run_after=None
[2023-09-27T23:55:16.804+0000] {processor.py:178} INFO - Processing /opt/airflow/dags/resume_generation.py took 1.099 seconds
[2023-09-27T23:55:47.198+0000] {processor.py:156} INFO - Started process (PID=244) to work on /opt/airflow/dags/resume_generation.py
[2023-09-27T23:55:47.200+0000] {processor.py:799} INFO - Processing file /opt/airflow/dags/resume_generation.py for tasks to queue
[2023-09-27T23:55:47.201+0000] {logging_mixin.py:149} INFO - [2023-09-27T23:55:47.201+0000] {dagbag.py:541} INFO - Filling up the DagBag from /opt/airflow/dags/resume_generation.py
[2023-09-27T23:55:48.090+0000] {logging_mixin.py:149} INFO - [2023-09-27T23:55:48.090+0000] {utils.py:160} INFO - NumExpr defaulting to 4 threads.
[2023-09-27T23:55:48.377+0000] {processor.py:809} INFO - DAG(s) dict_keys(['resume_generation_dag']) retrieved from /opt/airflow/dags/resume_generation.py
[2023-09-27T23:55:48.395+0000] {logging_mixin.py:149} INFO - [2023-09-27T23:55:48.395+0000] {dag.py:2726} INFO - Sync 1 DAGs
[2023-09-27T23:55:48.409+0000] {logging_mixin.py:149} INFO - [2023-09-27T23:55:48.409+0000] {dag.py:3486} INFO - Setting next_dagrun for resume_generation_dag to None, run_after=None
[2023-09-27T23:55:48.423+0000] {processor.py:178} INFO - Processing /opt/airflow/dags/resume_generation.py took 1.230 seconds
[2023-09-27T23:56:18.600+0000] {processor.py:156} INFO - Started process (PID=285) to work on /opt/airflow/dags/resume_generation.py
[2023-09-27T23:56:18.602+0000] {processor.py:799} INFO - Processing file /opt/airflow/dags/resume_generation.py for tasks to queue
[2023-09-27T23:56:18.603+0000] {logging_mixin.py:149} INFO - [2023-09-27T23:56:18.603+0000] {dagbag.py:541} INFO - Filling up the DagBag from /opt/airflow/dags/resume_generation.py
[2023-09-27T23:56:19.578+0000] {logging_mixin.py:149} INFO - [2023-09-27T23:56:19.578+0000] {utils.py:160} INFO - NumExpr defaulting to 4 threads.
[2023-09-27T23:56:19.782+0000] {processor.py:809} INFO - DAG(s) dict_keys(['resume_generation_dag']) retrieved from /opt/airflow/dags/resume_generation.py
[2023-09-27T23:56:19.818+0000] {logging_mixin.py:149} INFO - [2023-09-27T23:56:19.817+0000] {dag.py:2726} INFO - Sync 1 DAGs
[2023-09-27T23:56:19.832+0000] {logging_mixin.py:149} INFO - [2023-09-27T23:56:19.832+0000] {dag.py:3486} INFO - Setting next_dagrun for resume_generation_dag to None, run_after=None
[2023-09-27T23:56:19.845+0000] {processor.py:178} INFO - Processing /opt/airflow/dags/resume_generation.py took 1.247 seconds
[2023-09-27T23:56:50.109+0000] {processor.py:156} INFO - Started process (PID=310) to work on /opt/airflow/dags/resume_generation.py
[2023-09-27T23:56:50.112+0000] {processor.py:799} INFO - Processing file /opt/airflow/dags/resume_generation.py for tasks to queue
[2023-09-27T23:56:50.115+0000] {logging_mixin.py:149} INFO - [2023-09-27T23:56:50.115+0000] {dagbag.py:541} INFO - Filling up the DagBag from /opt/airflow/dags/resume_generation.py
[2023-09-27T23:56:51.567+0000] {logging_mixin.py:149} INFO - [2023-09-27T23:56:51.566+0000] {utils.py:160} INFO - NumExpr defaulting to 4 threads.
[2023-09-27T23:56:51.808+0000] {processor.py:809} INFO - DAG(s) dict_keys(['resume_generation_dag']) retrieved from /opt/airflow/dags/resume_generation.py
[2023-09-27T23:56:51.859+0000] {logging_mixin.py:149} INFO - [2023-09-27T23:56:51.859+0000] {dag.py:2726} INFO - Sync 1 DAGs
[2023-09-27T23:56:51.871+0000] {logging_mixin.py:149} INFO - [2023-09-27T23:56:51.871+0000] {dag.py:3486} INFO - Setting next_dagrun for resume_generation_dag to None, run_after=None
[2023-09-27T23:56:51.886+0000] {processor.py:178} INFO - Processing /opt/airflow/dags/resume_generation.py took 1.792 seconds
[2023-09-27T23:57:22.406+0000] {processor.py:156} INFO - Started process (PID=335) to work on /opt/airflow/dags/resume_generation.py
[2023-09-27T23:57:22.408+0000] {processor.py:799} INFO - Processing file /opt/airflow/dags/resume_generation.py for tasks to queue
[2023-09-27T23:57:22.409+0000] {logging_mixin.py:149} INFO - [2023-09-27T23:57:22.409+0000] {dagbag.py:541} INFO - Filling up the DagBag from /opt/airflow/dags/resume_generation.py
[2023-09-27T23:57:23.465+0000] {logging_mixin.py:149} INFO - [2023-09-27T23:57:23.464+0000] {utils.py:160} INFO - NumExpr defaulting to 4 threads.
[2023-09-27T23:57:32.908+0000] {processor.py:809} INFO - DAG(s) dict_keys(['resume_generation_dag']) retrieved from /opt/airflow/dags/resume_generation.py
[2023-09-27T23:57:39.115+0000] {logging_mixin.py:149} INFO - [2023-09-27T23:57:39.114+0000] {dag.py:2726} INFO - Sync 1 DAGs
[2023-09-27T23:57:39.139+0000] {logging_mixin.py:149} INFO - [2023-09-27T23:57:39.139+0000] {dag.py:3486} INFO - Setting next_dagrun for resume_generation_dag to None, run_after=None
[2023-09-27T23:57:39.163+0000] {processor.py:178} INFO - Processing /opt/airflow/dags/resume_generation.py took 16.760 seconds
[2023-09-27T23:58:09.501+0000] {processor.py:156} INFO - Started process (PID=359) to work on /opt/airflow/dags/resume_generation.py
[2023-09-27T23:58:09.502+0000] {processor.py:799} INFO - Processing file /opt/airflow/dags/resume_generation.py for tasks to queue
[2023-09-27T23:58:09.504+0000] {logging_mixin.py:149} INFO - [2023-09-27T23:58:09.504+0000] {dagbag.py:541} INFO - Filling up the DagBag from /opt/airflow/dags/resume_generation.py
[2023-09-27T23:58:10.548+0000] {logging_mixin.py:149} INFO - [2023-09-27T23:58:10.548+0000] {utils.py:160} INFO - NumExpr defaulting to 4 threads.
[2023-09-27T23:58:10.952+0000] {processor.py:809} INFO - DAG(s) dict_keys(['resume_generation_dag']) retrieved from /opt/airflow/dags/resume_generation.py
[2023-09-27T23:58:10.973+0000] {logging_mixin.py:149} INFO - [2023-09-27T23:58:10.973+0000] {dag.py:2726} INFO - Sync 1 DAGs
[2023-09-27T23:58:10.988+0000] {logging_mixin.py:149} INFO - [2023-09-27T23:58:10.988+0000] {dag.py:3486} INFO - Setting next_dagrun for resume_generation_dag to None, run_after=None
[2023-09-27T23:58:10.999+0000] {processor.py:178} INFO - Processing /opt/airflow/dags/resume_generation.py took 1.500 seconds
[2023-09-27T23:58:41.531+0000] {processor.py:156} INFO - Started process (PID=383) to work on /opt/airflow/dags/resume_generation.py
[2023-09-27T23:58:41.533+0000] {processor.py:799} INFO - Processing file /opt/airflow/dags/resume_generation.py for tasks to queue
[2023-09-27T23:58:41.535+0000] {logging_mixin.py:149} INFO - [2023-09-27T23:58:41.534+0000] {dagbag.py:541} INFO - Filling up the DagBag from /opt/airflow/dags/resume_generation.py
[2023-09-27T23:58:42.343+0000] {logging_mixin.py:149} INFO - [2023-09-27T23:58:42.343+0000] {utils.py:160} INFO - NumExpr defaulting to 4 threads.
[2023-09-27T23:58:42.492+0000] {processor.py:809} INFO - DAG(s) dict_keys(['resume_generation_dag']) retrieved from /opt/airflow/dags/resume_generation.py
[2023-09-27T23:58:42.511+0000] {logging_mixin.py:149} INFO - [2023-09-27T23:58:42.510+0000] {dag.py:2726} INFO - Sync 1 DAGs
[2023-09-27T23:58:42.523+0000] {logging_mixin.py:149} INFO - [2023-09-27T23:58:42.523+0000] {dag.py:3486} INFO - Setting next_dagrun for resume_generation_dag to None, run_after=None
[2023-09-27T23:58:42.533+0000] {processor.py:178} INFO - Processing /opt/airflow/dags/resume_generation.py took 1.006 seconds
[2023-09-27T23:59:13.147+0000] {processor.py:156} INFO - Started process (PID=416) to work on /opt/airflow/dags/resume_generation.py
[2023-09-27T23:59:13.149+0000] {processor.py:799} INFO - Processing file /opt/airflow/dags/resume_generation.py for tasks to queue
[2023-09-27T23:59:13.151+0000] {logging_mixin.py:149} INFO - [2023-09-27T23:59:13.151+0000] {dagbag.py:541} INFO - Filling up the DagBag from /opt/airflow/dags/resume_generation.py
[2023-09-27T23:59:13.888+0000] {logging_mixin.py:149} INFO - [2023-09-27T23:59:13.888+0000] {utils.py:160} INFO - NumExpr defaulting to 4 threads.
[2023-09-27T23:59:14.111+0000] {processor.py:809} INFO - DAG(s) dict_keys(['resume_generation_dag']) retrieved from /opt/airflow/dags/resume_generation.py
[2023-09-27T23:59:14.132+0000] {logging_mixin.py:149} INFO - [2023-09-27T23:59:14.132+0000] {dag.py:2726} INFO - Sync 1 DAGs
[2023-09-27T23:59:14.147+0000] {logging_mixin.py:149} INFO - [2023-09-27T23:59:14.147+0000] {dag.py:3486} INFO - Setting next_dagrun for resume_generation_dag to None, run_after=None
[2023-09-27T23:59:14.163+0000] {processor.py:178} INFO - Processing /opt/airflow/dags/resume_generation.py took 1.019 seconds
[2023-09-27T23:59:44.610+0000] {processor.py:156} INFO - Started process (PID=440) to work on /opt/airflow/dags/resume_generation.py
[2023-09-27T23:59:44.611+0000] {processor.py:799} INFO - Processing file /opt/airflow/dags/resume_generation.py for tasks to queue
[2023-09-27T23:59:44.613+0000] {logging_mixin.py:149} INFO - [2023-09-27T23:59:44.613+0000] {dagbag.py:541} INFO - Filling up the DagBag from /opt/airflow/dags/resume_generation.py
[2023-09-27T23:59:45.393+0000] {logging_mixin.py:149} INFO - [2023-09-27T23:59:45.393+0000] {utils.py:160} INFO - NumExpr defaulting to 4 threads.
[2023-09-27T23:59:45.553+0000] {processor.py:809} INFO - DAG(s) dict_keys(['resume_generation_dag']) retrieved from /opt/airflow/dags/resume_generation.py
[2023-09-27T23:59:45.571+0000] {logging_mixin.py:149} INFO - [2023-09-27T23:59:45.571+0000] {dag.py:2726} INFO - Sync 1 DAGs
[2023-09-27T23:59:45.585+0000] {logging_mixin.py:149} INFO - [2023-09-27T23:59:45.585+0000] {dag.py:3486} INFO - Setting next_dagrun for resume_generation_dag to None, run_after=None
[2023-09-27T23:59:45.596+0000] {processor.py:178} INFO - Processing /opt/airflow/dags/resume_generation.py took 0.990 seconds
