[2023-09-22T16:52:39.934+0000] {logging_mixin.py:149} WARNING - /home/***/.local/lib/python3.9/site-packages/***/utils/sqlalchemy.py:124 DeprecationWarning: The sql_alchemy_conn option in [core] has been moved to the sql_alchemy_conn option in [database] - the old setting has been used, but please update your config.
[2023-09-22T16:52:40.173+0000] {taskinstance.py:1125} INFO - Dependencies all met for dep_context=non-requeueable deps ti=<TaskInstance: dag_with_taskflow_api_v02.greet scheduled__2021-11-16T00:00:00+00:00 [queued]>
[2023-09-22T16:52:40.211+0000] {taskinstance.py:1125} INFO - Dependencies all met for dep_context=requeueable deps ti=<TaskInstance: dag_with_taskflow_api_v02.greet scheduled__2021-11-16T00:00:00+00:00 [queued]>
[2023-09-22T16:52:40.214+0000] {taskinstance.py:1331} INFO - Starting attempt 1 of 6
[2023-09-22T16:52:40.245+0000] {taskinstance.py:1350} INFO - Executing <Task(_PythonDecoratedOperator): greet> on 2021-11-16 00:00:00+00:00
[2023-09-22T16:52:40.273+0000] {standard_task_runner.py:57} INFO - Started process 616 to run task
[2023-09-22T16:52:40.303+0000] {standard_task_runner.py:84} INFO - Running: ['***', 'tasks', 'run', 'dag_with_taskflow_api_v02', 'greet', 'scheduled__2021-11-16T00:00:00+00:00', '--job-id', '165', '--raw', '--subdir', 'DAGS_FOLDER/test2.py', '--cfg-path', '/tmp/tmpmrrbk5iy']
[2023-09-22T16:52:40.315+0000] {standard_task_runner.py:85} INFO - Job 165: Subtask greet
[2023-09-22T16:52:40.360+0000] {logging_mixin.py:149} WARNING - /home/***/.local/lib/python3.9/site-packages/***/settings.py:188 DeprecationWarning: The sql_alchemy_conn option in [core] has been moved to the sql_alchemy_conn option in [database] - the old setting has been used, but please update your config.
[2023-09-22T16:52:40.512+0000] {task_command.py:410} INFO - Running <TaskInstance: dag_with_taskflow_api_v02.greet scheduled__2021-11-16T00:00:00+00:00 [running]> on host 75cee4990e54
[2023-09-22T16:52:40.561+0000] {logging_mixin.py:149} WARNING - /home/***/.local/lib/python3.9/site-packages/***/utils/sqlalchemy.py:124 DeprecationWarning: The sql_alchemy_conn option in [core] has been moved to the sql_alchemy_conn option in [database] - the old setting has been used, but please update your config.
[2023-09-22T16:52:46.087+0000] {taskinstance.py:1568} INFO - Exporting env vars: AIRFLOW_CTX_DAG_OWNER='coder2j' AIRFLOW_CTX_DAG_ID='dag_with_taskflow_api_v02' AIRFLOW_CTX_TASK_ID='greet' AIRFLOW_CTX_EXECUTION_DATE='2021-11-16T00:00:00+00:00' AIRFLOW_CTX_TRY_NUMBER='1' AIRFLOW_CTX_DAG_RUN_ID='scheduled__2021-11-16T00:00:00+00:00'
[2023-09-22T16:52:46.232+0000] {logging_mixin.py:149} INFO - Hello World! My name is Jerry Fridman and I am 19 years old!
[2023-09-22T16:52:46.241+0000] {python.py:183} INFO - Done. Returned value was: None
[2023-09-22T16:52:45.953+0000] {local_task_job_runner.py:122} ERROR - Received SIGTERM. Terminating subprocesses
[2023-09-22T16:52:46.279+0000] {taskinstance.py:1368} INFO - Marking task as SUCCESS. dag_id=dag_with_taskflow_api_v02, task_id=greet, execution_date=20211116T000000, start_date=20230922T165240, end_date=20230922T165246
[2023-09-22T16:52:46.379+0000] {process_utils.py:131} INFO - Sending Signals.SIGTERM to group 616. PIDs of all processes in the group: [616]
[2023-09-22T16:52:46.442+0000] {process_utils.py:86} INFO - Sending the signal Signals.SIGTERM to group 616
[2023-09-22T16:52:46.526+0000] {process_utils.py:79} INFO - Process psutil.Process(pid=616, status='terminated', exitcode=0, started='16:52:39') (616) terminated with exit code 0
[2023-09-22T16:52:46.564+0000] {local_task_job_runner.py:232} INFO - Task exited with return code 143
[2023-09-22T16:52:47.771+0000] {taskinstance.py:2674} INFO - 0 downstream tasks scheduled from follow-on schedule check
