[2023-09-23T00:23:56.486+0000] {taskinstance.py:1125} INFO - Dependencies all met for dep_context=non-requeueable deps ti=<TaskInstance: resume_generation_dag.get_jobs_from_database manual__2023-09-23T00:23:55.061949+00:00 [queued]>
[2023-09-23T00:23:56.492+0000] {taskinstance.py:1125} INFO - Dependencies all met for dep_context=requeueable deps ti=<TaskInstance: resume_generation_dag.get_jobs_from_database manual__2023-09-23T00:23:55.061949+00:00 [queued]>
[2023-09-23T00:23:56.493+0000] {taskinstance.py:1331} INFO - Starting attempt 1 of 1
[2023-09-23T00:23:56.499+0000] {taskinstance.py:1350} INFO - Executing <Task(_PythonDecoratedOperator): get_jobs_from_database> on 2023-09-23 00:23:55.061949+00:00
[2023-09-23T00:23:56.504+0000] {standard_task_runner.py:57} INFO - Started process 1582 to run task
[2023-09-23T00:23:56.506+0000] {standard_task_runner.py:84} INFO - Running: ['***', 'tasks', 'run', 'resume_generation_dag', 'get_jobs_from_database', 'manual__2023-09-23T00:23:55.061949+00:00', '--job-id', '9', '--raw', '--subdir', 'DAGS_FOLDER/resume_generation.py', '--cfg-path', '/tmp/tmp91axdsc9']
[2023-09-23T00:23:56.509+0000] {standard_task_runner.py:85} INFO - Job 9: Subtask get_jobs_from_database
[2023-09-23T00:23:56.520+0000] {logging_mixin.py:149} WARNING - /home/***/.local/lib/python3.9/site-packages/***/settings.py:188 DeprecationWarning: The sql_alchemy_conn option in [core] has been moved to the sql_alchemy_conn option in [database] - the old setting has been used, but please update your config.
[2023-09-23T00:23:56.545+0000] {task_command.py:410} INFO - Running <TaskInstance: resume_generation_dag.get_jobs_from_database manual__2023-09-23T00:23:55.061949+00:00 [running]> on host c90ec447a7d6
[2023-09-23T00:23:56.592+0000] {taskinstance.py:1568} INFO - Exporting env vars: AIRFLOW_CTX_DAG_OWNER='***' AIRFLOW_CTX_DAG_ID='resume_generation_dag' AIRFLOW_CTX_TASK_ID='get_jobs_from_database' AIRFLOW_CTX_EXECUTION_DATE='2023-09-23T00:23:55.061949+00:00' AIRFLOW_CTX_TRY_NUMBER='1' AIRFLOW_CTX_DAG_RUN_ID='manual__2023-09-23T00:23:55.061949+00:00'
[2023-09-23T00:23:56.610+0000] {taskinstance.py:1847} ERROR - Task failed with exception
Traceback (most recent call last):
  File "/home/airflow/.local/lib/python3.9/site-packages/airflow/decorators/base.py", line 220, in execute
    return_value = super().execute(context)
  File "/home/airflow/.local/lib/python3.9/site-packages/airflow/operators/python.py", line 181, in execute
    return_value = self.execute_callable()
  File "/home/airflow/.local/lib/python3.9/site-packages/airflow/operators/python.py", line 198, in execute_callable
    return self.python_callable(*self.op_args, **self.op_kwargs)
  File "/opt/airflow/dags/resume_generation.py", line 84, in get_jobs_from_database
    cassandra_manager = CassandraSessions(keyspace='job_data')
  File "/opt/airflow/dags/database.py", line 12, in __init__
    self.cluster = Cluster(nodes)
  File "cassandra/cluster.py", line 1191, in cassandra.cluster.Cluster.__init__
cassandra.UnresolvableContactPoints: {}
[2023-09-23T00:23:56.621+0000] {taskinstance.py:1368} INFO - Marking task as FAILED. dag_id=resume_generation_dag, task_id=get_jobs_from_database, execution_date=20230923T002355, start_date=20230923T002356, end_date=20230923T002356
[2023-09-23T00:23:56.627+0000] {standard_task_runner.py:104} ERROR - Failed to execute job 9 for task get_jobs_from_database ({}; 1582)
[2023-09-23T00:23:56.640+0000] {local_task_job_runner.py:232} INFO - Task exited with return code 1
[2023-09-23T00:23:56.655+0000] {taskinstance.py:2674} INFO - 0 downstream tasks scheduled from follow-on schedule check
