[2023-10-03T19:05:32.795+0000] {manager.py:487} INFO - Processing files using up to 2 processes at a time 
[2023-10-03T19:05:32.796+0000] {manager.py:488} INFO - Process each file at most once every 30 seconds
[2023-10-03T19:05:32.797+0000] {manager.py:489} INFO - Checking for new files in /opt/airflow/dags every 300 seconds
[2023-10-03T19:05:32.799+0000] {manager.py:758} INFO - Searching for files in /opt/airflow/dags
[2023-10-03T19:05:32.921+0000] {manager.py:761} INFO - There are 2 files in /opt/airflow/dags
[2023-10-03T19:05:33.064+0000] {manager.py:889} INFO - 
================================================================================
DAG File Processing Stats

File Path                                 PID  Runtime      # DAGs    # Errors  Last Runtime    Last Run
--------------------------------------  -----  ---------  --------  ----------  --------------  ----------
/opt/airflow/dags/ETL.py                  173  0.07s             0           0
/opt/airflow/dags/resume_generation.py    170  0.08s             0           0
================================================================================
[2023-10-03T19:06:03.328+0000] {manager.py:889} INFO - 
================================================================================
DAG File Processing Stats

File Path                               PID    Runtime      # DAGs    # Errors  Last Runtime    Last Run
--------------------------------------  -----  ---------  --------  ----------  --------------  -------------------
/opt/airflow/dags/ETL.py                                         1           0  2.08s           2023-10-03T19:05:35
/opt/airflow/dags/resume_generation.py                           1           0  2.08s           2023-10-03T19:05:35
================================================================================
[2023-10-03T19:06:33.885+0000] {manager.py:889} INFO - 
================================================================================
DAG File Processing Stats

File Path                               PID    Runtime      # DAGs    # Errors  Last Runtime    Last Run
--------------------------------------  -----  ---------  --------  ----------  --------------  -------------------
/opt/airflow/dags/ETL.py                                         1           0  2.17s           2023-10-03T19:06:07
/opt/airflow/dags/resume_generation.py                           1           0  2.19s           2023-10-03T19:06:07
================================================================================
[2023-10-03T19:07:04.226+0000] {manager.py:889} INFO - 
================================================================================
DAG File Processing Stats

File Path                               PID    Runtime      # DAGs    # Errors  Last Runtime    Last Run
--------------------------------------  -----  ---------  --------  ----------  --------------  -------------------
/opt/airflow/dags/ETL.py                                         1           0  1.45s           2023-10-03T19:06:39
/opt/airflow/dags/resume_generation.py                           1           0  1.45s           2023-10-03T19:06:39
================================================================================
[2023-10-03T19:07:34.621+0000] {manager.py:889} INFO - 
================================================================================
DAG File Processing Stats

File Path                               PID    Runtime      # DAGs    # Errors  Last Runtime    Last Run
--------------------------------------  -----  ---------  --------  ----------  --------------  -------------------
/opt/airflow/dags/ETL.py                                         1           0  1.50s           2023-10-03T19:07:11
/opt/airflow/dags/resume_generation.py                           1           0  1.53s           2023-10-03T19:07:11
================================================================================
[2023-10-03T19:08:05.337+0000] {manager.py:889} INFO - 
================================================================================
DAG File Processing Stats

File Path                               PID    Runtime      # DAGs    # Errors  Last Runtime    Last Run
--------------------------------------  -----  ---------  --------  ----------  --------------  -------------------
/opt/airflow/dags/ETL.py                                         1           0  1.43s           2023-10-03T19:07:43
/opt/airflow/dags/resume_generation.py                           1           0  1.45s           2023-10-03T19:07:43
================================================================================
[2023-10-03T19:08:36.018+0000] {manager.py:889} INFO - 
================================================================================
DAG File Processing Stats

File Path                               PID    Runtime      # DAGs    # Errors  Last Runtime    Last Run
--------------------------------------  -----  ---------  --------  ----------  --------------  -------------------
/opt/airflow/dags/ETL.py                                         1           0  18.50s          2023-10-03T19:08:31
/opt/airflow/dags/resume_generation.py                           1           0  18.49s          2023-10-03T19:08:31
================================================================================
[2023-10-03T19:09:08.276+0000] {manager.py:889} INFO - 
================================================================================
DAG File Processing Stats

File Path                                 PID  Runtime      # DAGs    # Errors  Last Runtime    Last Run
--------------------------------------  -----  ---------  --------  ----------  --------------  -------------------
/opt/airflow/dags/ETL.py                  334  4.85s             1           0  18.50s          2023-10-03T19:08:31
/opt/airflow/dags/resume_generation.py    333  4.86s             1           0  18.49s          2023-10-03T19:08:31
================================================================================
[2023-10-03T19:09:38.898+0000] {manager.py:889} INFO - 
================================================================================
DAG File Processing Stats

File Path                               PID    Runtime      # DAGs    # Errors  Last Runtime    Last Run
--------------------------------------  -----  ---------  --------  ----------  --------------  -------------------
/opt/airflow/dags/ETL.py                                         1           0  17.47s          2023-10-03T19:09:19
/opt/airflow/dags/resume_generation.py                           1           0  17.50s          2023-10-03T19:09:19
================================================================================
[2023-10-03T19:10:09.300+0000] {manager.py:889} INFO - 
================================================================================
DAG File Processing Stats

File Path                               PID    Runtime      # DAGs    # Errors  Last Runtime    Last Run
--------------------------------------  -----  ---------  --------  ----------  --------------  -------------------
/opt/airflow/dags/ETL.py                                         1           0  3.11s           2023-10-03T19:09:53
/opt/airflow/dags/resume_generation.py                           1           0  3.12s           2023-10-03T19:09:53
================================================================================
[2023-10-03T19:10:33.051+0000] {manager.py:758} INFO - Searching for files in /opt/airflow/dags
[2023-10-03T19:10:33.196+0000] {manager.py:761} INFO - There are 2 files in /opt/airflow/dags
[2023-10-03T19:10:40.285+0000] {manager.py:889} INFO - 
================================================================================
DAG File Processing Stats

File Path                               PID    Runtime      # DAGs    # Errors  Last Runtime    Last Run
--------------------------------------  -----  ---------  --------  ----------  --------------  -------------------
/opt/airflow/dags/ETL.py                                         1           0  1.39s           2023-10-03T19:10:24
/opt/airflow/dags/resume_generation.py                           1           0  1.42s           2023-10-03T19:10:24
================================================================================
[2023-10-03T19:11:10.760+0000] {manager.py:889} INFO - 
================================================================================
DAG File Processing Stats

File Path                                 PID  Runtime      # DAGs    # Errors  Last Runtime    Last Run
--------------------------------------  -----  ---------  --------  ----------  --------------  -------------------
/opt/airflow/dags/ETL.py                  444  15.26s            1           0  1.39s           2023-10-03T19:10:24
/opt/airflow/dags/resume_generation.py    441  15.27s            1           0  1.42s           2023-10-03T19:10:24
================================================================================
[2023-10-03T19:11:41.402+0000] {manager.py:889} INFO - 
================================================================================
DAG File Processing Stats

File Path                               PID    Runtime      # DAGs    # Errors  Last Runtime    Last Run
--------------------------------------  -----  ---------  --------  ----------  --------------  -------------------
/opt/airflow/dags/ETL.py                                         0           1  39.08s          2023-10-03T19:11:34
/opt/airflow/dags/resume_generation.py                           0           1  39.08s          2023-10-03T19:11:34
================================================================================
[2023-10-03T19:12:12.357+0000] {manager.py:889} INFO - 
================================================================================
DAG File Processing Stats

File Path                                 PID  Runtime      # DAGs    # Errors  Last Runtime    Last Run
--------------------------------------  -----  ---------  --------  ----------  --------------  -------------------
/opt/airflow/dags/ETL.py                  466  7.54s             0           1  39.08s          2023-10-03T19:11:34
/opt/airflow/dags/resume_generation.py    465  7.55s             0           1  39.08s          2023-10-03T19:11:34
================================================================================
[2023-10-03T19:12:42.914+0000] {manager.py:889} INFO - 
================================================================================
DAG File Processing Stats

File Path                               PID    Runtime      # DAGs    # Errors  Last Runtime    Last Run
--------------------------------------  -----  ---------  --------  ----------  --------------  -------------------
/opt/airflow/dags/ETL.py                                         1           0  22.79s          2023-10-03T19:12:27
/opt/airflow/dags/resume_generation.py                           1           0  22.79s          2023-10-03T19:12:27
================================================================================
[2023-10-03T19:13:14.126+0000] {manager.py:889} INFO - 
================================================================================
DAG File Processing Stats

File Path                                 PID  Runtime      # DAGs    # Errors  Last Runtime    Last Run
--------------------------------------  -----  ---------  --------  ----------  --------------  -------------------
/opt/airflow/dags/ETL.py                  500  15.82s            1           0  22.79s          2023-10-03T19:12:27
/opt/airflow/dags/resume_generation.py    499  15.84s            1           0  22.79s          2023-10-03T19:12:27
================================================================================
[2023-10-03T19:13:44.773+0000] {manager.py:889} INFO - 
================================================================================
DAG File Processing Stats

File Path                               PID    Runtime      # DAGs    # Errors  Last Runtime    Last Run
--------------------------------------  -----  ---------  --------  ----------  --------------  -------------------
/opt/airflow/dags/ETL.py                                         1           0  28.58s          2023-10-03T19:13:26
/opt/airflow/dags/resume_generation.py                           1           0  28.61s          2023-10-03T19:13:26
================================================================================
[2023-10-03T19:14:14.970+0000] {manager.py:889} INFO - 
================================================================================
DAG File Processing Stats

File Path                                 PID  Runtime      # DAGs    # Errors  Last Runtime    Last Run
--------------------------------------  -----  ---------  --------  ----------  --------------  -------------------
/opt/airflow/dags/ETL.py                  524  17.66s            1           0  28.58s          2023-10-03T19:13:26
/opt/airflow/dags/resume_generation.py    523  17.70s            1           0  28.61s          2023-10-03T19:13:26
================================================================================
[2023-10-03T19:14:45.558+0000] {manager.py:889} INFO - 
================================================================================
DAG File Processing Stats

File Path                               PID    Runtime      # DAGs    # Errors  Last Runtime    Last Run
--------------------------------------  -----  ---------  --------  ----------  --------------  -------------------
/opt/airflow/dags/ETL.py                                         1           0  21.79s          2023-10-03T19:14:19
/opt/airflow/dags/resume_generation.py                           1           0  21.83s          2023-10-03T19:14:19
================================================================================
[2023-10-03T19:15:15.720+0000] {manager.py:889} INFO - 
================================================================================
DAG File Processing Stats

File Path                               PID    Runtime      # DAGs    # Errors  Last Runtime    Last Run
--------------------------------------  -----  ---------  --------  ----------  --------------  -------------------
/opt/airflow/dags/ETL.py                                         1           0  2.47s           2023-10-03T19:14:53
/opt/airflow/dags/resume_generation.py                           1           0  2.98s           2023-10-03T19:14:53
================================================================================
[2023-10-03T19:15:33.278+0000] {manager.py:758} INFO - Searching for files in /opt/airflow/dags
[2023-10-03T19:15:33.536+0000] {manager.py:761} INFO - There are 2 files in /opt/airflow/dags
[2023-10-03T19:15:46.169+0000] {manager.py:889} INFO - 
================================================================================
DAG File Processing Stats

File Path                               PID    Runtime      # DAGs    # Errors  Last Runtime    Last Run
--------------------------------------  -----  ---------  --------  ----------  --------------  -------------------
/opt/airflow/dags/ETL.py                                         1           0  3.30s           2023-10-03T19:15:26
/opt/airflow/dags/resume_generation.py                           1           0  3.29s           2023-10-03T19:15:26
================================================================================
[2023-10-03T19:16:17.113+0000] {manager.py:889} INFO - 
================================================================================
DAG File Processing Stats

File Path                               PID    Runtime      # DAGs    # Errors  Last Runtime    Last Run
--------------------------------------  -----  ---------  --------  ----------  --------------  -------------------
/opt/airflow/dags/ETL.py                                         1           0  3.75s           2023-10-03T19:16:03
/opt/airflow/dags/resume_generation.py                           1           0  5.17s           2023-10-03T19:16:03
================================================================================
[2023-10-03T19:16:47.421+0000] {manager.py:889} INFO - 
================================================================================
DAG File Processing Stats

File Path                               PID    Runtime      # DAGs    # Errors  Last Runtime    Last Run
--------------------------------------  -----  ---------  --------  ----------  --------------  -------------------
/opt/airflow/dags/ETL.py                                         1           0  9.96s           2023-10-03T19:16:45
/opt/airflow/dags/resume_generation.py                           1           0  10.44s          2023-10-03T19:16:45
================================================================================
[2023-10-03T19:17:17.837+0000] {manager.py:889} INFO - 
================================================================================
DAG File Processing Stats

File Path                                 PID  Runtime      # DAGs    # Errors  Last Runtime    Last Run
--------------------------------------  -----  ---------  --------  ----------  --------------  -------------------
/opt/airflow/dags/ETL.py                  644  2.25s             1           0  9.96s           2023-10-03T19:16:45
/opt/airflow/dags/resume_generation.py    643  2.30s             1           0  10.44s          2023-10-03T19:16:45
================================================================================
[2023-10-03T19:17:49.201+0000] {manager.py:889} INFO - 
================================================================================
DAG File Processing Stats

File Path                                 PID  Runtime      # DAGs    # Errors  Last Runtime    Last Run
--------------------------------------  -----  ---------  --------  ----------  --------------  -------------------
/opt/airflow/dags/ETL.py                  644  33.62s            1           0  9.96s           2023-10-03T19:16:45
/opt/airflow/dags/resume_generation.py    643  33.67s            1           0  10.44s          2023-10-03T19:16:45
================================================================================
[2023-10-03T19:18:19.204+0000] {manager.py:889} INFO - 
================================================================================
DAG File Processing Stats

File Path                               PID    Runtime      # DAGs    # Errors  Last Runtime    Last Run
--------------------------------------  -----  ---------  --------  ----------  --------------  -------------------
/opt/airflow/dags/ETL.py                                         0           1  33.91s          2023-10-03T19:17:49
/opt/airflow/dags/resume_generation.py                           0           1  33.96s          2023-10-03T19:17:49
================================================================================
[2023-10-03T19:18:50.138+0000] {manager.py:889} INFO - 
================================================================================
DAG File Processing Stats

File Path                               PID    Runtime      # DAGs    # Errors  Last Runtime    Last Run
--------------------------------------  -----  ---------  --------  ----------  --------------  -------------------
/opt/airflow/dags/ETL.py                                         1           0  8.27s           2023-10-03T19:18:29
/opt/airflow/dags/resume_generation.py                           1           0  9.10s           2023-10-03T19:18:29
================================================================================
[2023-10-03T19:18:53.532+0000] {manager.py:470} INFO - Exiting gracefully upon receiving signal 15
[2023-10-03T19:28:38.263+0000] {manager.py:487} INFO - Processing files using up to 2 processes at a time 
[2023-10-03T19:28:38.265+0000] {manager.py:488} INFO - Process each file at most once every 30 seconds
[2023-10-03T19:28:38.267+0000] {manager.py:489} INFO - Checking for new files in /opt/airflow/dags every 300 seconds
[2023-10-03T19:28:38.268+0000] {manager.py:758} INFO - Searching for files in /opt/airflow/dags
[2023-10-03T19:28:38.382+0000] {manager.py:761} INFO - There are 2 files in /opt/airflow/dags
[2023-10-03T19:28:38.491+0000] {manager.py:889} INFO - 
================================================================================
DAG File Processing Stats

File Path                                 PID  Runtime      # DAGs    # Errors  Last Runtime    Last Run
--------------------------------------  -----  ---------  --------  ----------  --------------  ----------
/opt/airflow/dags/ETL.py                  173  0.04s             0           0
/opt/airflow/dags/resume_generation.py    170  0.05s             0           0
================================================================================
[2023-10-03T19:29:08.501+0000] {manager.py:889} INFO - 
================================================================================
DAG File Processing Stats

File Path                               PID    Runtime      # DAGs    # Errors  Last Runtime    Last Run
--------------------------------------  -----  ---------  --------  ----------  --------------  -------------------
/opt/airflow/dags/ETL.py                                         1           0  1.89s           2023-10-03T19:28:40
/opt/airflow/dags/resume_generation.py                           1           0  1.90s           2023-10-03T19:28:40
================================================================================
[2023-10-03T19:29:38.705+0000] {manager.py:889} INFO - 
================================================================================
DAG File Processing Stats

File Path                               PID    Runtime      # DAGs    # Errors  Last Runtime    Last Run
--------------------------------------  -----  ---------  --------  ----------  --------------  -------------------
/opt/airflow/dags/ETL.py                                         1           0  1.93s           2023-10-03T19:29:12
/opt/airflow/dags/resume_generation.py                           1           0  1.94s           2023-10-03T19:29:12
================================================================================
[2023-10-03T19:30:09.039+0000] {manager.py:889} INFO - 
================================================================================
DAG File Processing Stats

File Path                               PID    Runtime      # DAGs    # Errors  Last Runtime    Last Run
--------------------------------------  -----  ---------  --------  ----------  --------------  -------------------
/opt/airflow/dags/ETL.py                                         1           0  1.23s           2023-10-03T19:29:44
/opt/airflow/dags/resume_generation.py                           1           0  1.24s           2023-10-03T19:29:44
================================================================================
[2023-10-03T19:30:39.472+0000] {manager.py:889} INFO - 
================================================================================
DAG File Processing Stats

File Path                               PID    Runtime      # DAGs    # Errors  Last Runtime    Last Run
--------------------------------------  -----  ---------  --------  ----------  --------------  -------------------
/opt/airflow/dags/ETL.py                                         1           0  1.60s           2023-10-03T19:30:15
/opt/airflow/dags/resume_generation.py                           1           0  1.60s           2023-10-03T19:30:15
================================================================================
[2023-10-03T19:31:09.734+0000] {manager.py:889} INFO - 
================================================================================
DAG File Processing Stats

File Path                               PID    Runtime      # DAGs    # Errors  Last Runtime    Last Run
--------------------------------------  -----  ---------  --------  ----------  --------------  -------------------
/opt/airflow/dags/ETL.py                                         1           0  1.50s           2023-10-03T19:30:47
/opt/airflow/dags/resume_generation.py                           1           0  1.51s           2023-10-03T19:30:47
================================================================================
[2023-10-03T19:31:40.601+0000] {manager.py:889} INFO - 
================================================================================
DAG File Processing Stats

File Path                               PID    Runtime      # DAGs    # Errors  Last Runtime    Last Run
--------------------------------------  -----  ---------  --------  ----------  --------------  -------------------
/opt/airflow/dags/ETL.py                                         1           0  1.46s           2023-10-03T19:31:19
/opt/airflow/dags/resume_generation.py                           1           0  1.48s           2023-10-03T19:31:19
================================================================================
[2023-10-03T19:32:11.358+0000] {manager.py:889} INFO - 
================================================================================
DAG File Processing Stats

File Path                               PID    Runtime      # DAGs    # Errors  Last Runtime    Last Run
--------------------------------------  -----  ---------  --------  ----------  --------------  -------------------
/opt/airflow/dags/ETL.py                                         1           0  1.39s           2023-10-03T19:31:51
/opt/airflow/dags/resume_generation.py                           1           0  1.40s           2023-10-03T19:31:51
================================================================================
[2023-10-03T19:32:41.700+0000] {manager.py:889} INFO - 
================================================================================
DAG File Processing Stats

File Path                               PID    Runtime      # DAGs    # Errors  Last Runtime    Last Run
--------------------------------------  -----  ---------  --------  ----------  --------------  -------------------
/opt/airflow/dags/ETL.py                                         1           0  1.42s           2023-10-03T19:32:22
/opt/airflow/dags/resume_generation.py                           1           0  1.43s           2023-10-03T19:32:22
================================================================================
[2023-10-03T19:33:12.042+0000] {manager.py:889} INFO - 
================================================================================
DAG File Processing Stats

File Path                               PID    Runtime      # DAGs    # Errors  Last Runtime    Last Run
--------------------------------------  -----  ---------  --------  ----------  --------------  -------------------
/opt/airflow/dags/ETL.py                                         1           0  1.77s           2023-10-03T19:32:55
/opt/airflow/dags/resume_generation.py                           1           0  1.79s           2023-10-03T19:32:55
================================================================================
[2023-10-03T19:33:38.429+0000] {manager.py:758} INFO - Searching for files in /opt/airflow/dags
[2023-10-03T19:33:38.564+0000] {manager.py:761} INFO - There are 2 files in /opt/airflow/dags
[2023-10-03T19:33:42.615+0000] {manager.py:889} INFO - 
================================================================================
DAG File Processing Stats

File Path                               PID    Runtime      # DAGs    # Errors  Last Runtime    Last Run
--------------------------------------  -----  ---------  --------  ----------  --------------  -------------------
/opt/airflow/dags/ETL.py                                         1           0  1.14s           2023-10-03T19:33:26
/opt/airflow/dags/resume_generation.py                           1           0  1.15s           2023-10-03T19:33:26
================================================================================
[2023-10-03T19:34:15.408+0000] {manager.py:889} INFO - 
================================================================================
DAG File Processing Stats

File Path                                 PID  Runtime      # DAGs    # Errors  Last Runtime    Last Run
--------------------------------------  -----  ---------  --------  ----------  --------------  -------------------
/opt/airflow/dags/ETL.py                  468  16.97s            1           0  1.14s           2023-10-03T19:33:26
/opt/airflow/dags/resume_generation.py    465  16.98s            1           0  1.15s           2023-10-03T19:33:26
================================================================================
[2023-10-03T19:34:46.805+0000] {manager.py:889} INFO - 
================================================================================
DAG File Processing Stats

File Path                               PID    Runtime      # DAGs    # Errors  Last Runtime    Last Run
--------------------------------------  -----  ---------  --------  ----------  --------------  -------------------
/opt/airflow/dags/ETL.py                                         0           1  31.86s          2023-10-03T19:34:28
/opt/airflow/dags/resume_generation.py                           0           1  31.85s          2023-10-03T19:34:28
================================================================================
[2023-10-03T19:35:17.622+0000] {manager.py:889} INFO - 
================================================================================
DAG File Processing Stats

File Path                               PID    Runtime      # DAGs    # Errors  Last Runtime    Last Run
--------------------------------------  -----  ---------  --------  ----------  --------------  -------------------
/opt/airflow/dags/ETL.py                                         1           0  7.57s           2023-10-03T19:35:06
/opt/airflow/dags/resume_generation.py                           1           0  7.58s           2023-10-03T19:35:06
================================================================================
[2023-10-03T19:35:50.403+0000] {manager.py:889} INFO - 
================================================================================
DAG File Processing Stats

File Path                                 PID  Runtime      # DAGs    # Errors  Last Runtime    Last Run
--------------------------------------  -----  ---------  --------  ----------  --------------  -------------------
/opt/airflow/dags/ETL.py                  514  13.65s            1           0  7.57s           2023-10-03T19:35:06
/opt/airflow/dags/resume_generation.py    513  13.67s            1           0  7.58s           2023-10-03T19:35:06
================================================================================
[2023-10-03T19:36:20.959+0000] {manager.py:889} INFO - 
================================================================================
DAG File Processing Stats

File Path                               PID    Runtime      # DAGs    # Errors  Last Runtime    Last Run
--------------------------------------  -----  ---------  --------  ----------  --------------  -------------------
/opt/airflow/dags/ETL.py                                         1           0  16.97s          2023-10-03T19:35:53
/opt/airflow/dags/resume_generation.py                           1           0  17.03s          2023-10-03T19:35:53
================================================================================
[2023-10-03T19:36:51.606+0000] {manager.py:889} INFO - 
================================================================================
DAG File Processing Stats

File Path                               PID    Runtime      # DAGs    # Errors  Last Runtime    Last Run
--------------------------------------  -----  ---------  --------  ----------  --------------  -------------------
/opt/airflow/dags/ETL.py                                         1           0  2.60s           2023-10-03T19:36:26
/opt/airflow/dags/resume_generation.py                           1           0  2.62s           2023-10-03T19:36:26
================================================================================
[2023-10-03T19:37:21.951+0000] {manager.py:889} INFO - 
================================================================================
DAG File Processing Stats

File Path                               PID    Runtime      # DAGs    # Errors  Last Runtime    Last Run
--------------------------------------  -----  ---------  --------  ----------  --------------  -------------------
/opt/airflow/dags/ETL.py                                         1           0  5.40s           2023-10-03T19:37:02
/opt/airflow/dags/resume_generation.py                           1           0  5.43s           2023-10-03T19:37:02
================================================================================
[2023-10-03T19:37:52.275+0000] {manager.py:889} INFO - 
================================================================================
DAG File Processing Stats

File Path                               PID    Runtime      # DAGs    # Errors  Last Runtime    Last Run
--------------------------------------  -----  ---------  --------  ----------  --------------  -------------------
/opt/airflow/dags/ETL.py                                         1           0  13.83s          2023-10-03T19:37:46
/opt/airflow/dags/resume_generation.py                           1           0  13.78s          2023-10-03T19:37:46
================================================================================
[2023-10-03T19:38:23.077+0000] {manager.py:889} INFO - 
================================================================================
DAG File Processing Stats

File Path                                 PID  Runtime      # DAGs    # Errors  Last Runtime    Last Run
--------------------------------------  -----  ---------  --------  ----------  --------------  -------------------
/opt/airflow/dags/ETL.py                  611  6.54s             1           0  13.83s          2023-10-03T19:37:46
/opt/airflow/dags/resume_generation.py    609  6.55s             1           0  13.78s          2023-10-03T19:37:46
================================================================================
[2023-10-03T19:38:39.279+0000] {manager.py:758} INFO - Searching for files in /opt/airflow/dags
[2023-10-03T19:38:39.455+0000] {manager.py:761} INFO - There are 2 files in /opt/airflow/dags
[2023-10-03T19:38:53.641+0000] {manager.py:889} INFO - 
================================================================================
DAG File Processing Stats

File Path                                 PID  Runtime      # DAGs    # Errors  Last Runtime    Last Run
--------------------------------------  -----  ---------  --------  ----------  --------------  -------------------
/opt/airflow/dags/ETL.py                  635  0.00s             1           0  6.75s           2023-10-03T19:38:23
/opt/airflow/dags/resume_generation.py    633  0.02s             1           0  6.77s           2023-10-03T19:38:23
================================================================================
[2023-10-03T19:39:23.980+0000] {manager.py:889} INFO - 
================================================================================
DAG File Processing Stats

File Path                               PID    Runtime      # DAGs    # Errors  Last Runtime    Last Run
--------------------------------------  -----  ---------  --------  ----------  --------------  -------------------
/opt/airflow/dags/ETL.py                                         1           0  21.28s          2023-10-03T19:39:14
/opt/airflow/dags/resume_generation.py                           1           0  21.33s          2023-10-03T19:39:14
================================================================================
[2023-10-03T19:39:33.540+0000] {manager.py:470} INFO - Exiting gracefully upon receiving signal 15
[2023-10-03T19:49:18.846+0000] {manager.py:487} INFO - Processing files using up to 2 processes at a time 
[2023-10-03T19:49:18.847+0000] {manager.py:488} INFO - Process each file at most once every 30 seconds
[2023-10-03T19:49:18.849+0000] {manager.py:489} INFO - Checking for new files in /opt/airflow/dags every 300 seconds
[2023-10-03T19:49:18.852+0000] {manager.py:758} INFO - Searching for files in /opt/airflow/dags
[2023-10-03T19:49:18.970+0000] {manager.py:761} INFO - There are 2 files in /opt/airflow/dags
[2023-10-03T19:49:19.059+0000] {manager.py:889} INFO - 
================================================================================
DAG File Processing Stats

File Path                                 PID  Runtime      # DAGs    # Errors  Last Runtime    Last Run
--------------------------------------  -----  ---------  --------  ----------  --------------  ----------
/opt/airflow/dags/ETL.py                  174  0.04s             0           0
/opt/airflow/dags/resume_generation.py    171  0.04s             0           0
================================================================================
[2023-10-03T19:49:50.032+0000] {manager.py:889} INFO - 
================================================================================
DAG File Processing Stats

File Path                               PID    Runtime      # DAGs    # Errors  Last Runtime    Last Run
--------------------------------------  -----  ---------  --------  ----------  --------------  -------------------
/opt/airflow/dags/ETL.py                                         1           0  1.80s           2023-10-03T19:49:20
/opt/airflow/dags/resume_generation.py                           1           0  1.81s           2023-10-03T19:49:20
================================================================================
[2023-10-03T19:50:20.263+0000] {manager.py:889} INFO - 
================================================================================
DAG File Processing Stats

File Path                               PID    Runtime      # DAGs    # Errors  Last Runtime    Last Run
--------------------------------------  -----  ---------  --------  ----------  --------------  -------------------
/opt/airflow/dags/ETL.py                                         1           0  1.80s           2023-10-03T19:49:52
/opt/airflow/dags/resume_generation.py                           1           0  1.84s           2023-10-03T19:49:52
================================================================================
[2023-10-03T19:50:50.693+0000] {manager.py:889} INFO - 
================================================================================
DAG File Processing Stats

File Path                               PID    Runtime      # DAGs    # Errors  Last Runtime    Last Run
--------------------------------------  -----  ---------  --------  ----------  --------------  -------------------
/opt/airflow/dags/ETL.py                                         1           0  1.42s           2023-10-03T19:50:24
/opt/airflow/dags/resume_generation.py                           1           0  1.44s           2023-10-03T19:50:24
================================================================================
[2023-10-03T19:51:21.509+0000] {manager.py:889} INFO - 
================================================================================
DAG File Processing Stats

File Path                               PID    Runtime      # DAGs    # Errors  Last Runtime    Last Run
--------------------------------------  -----  ---------  --------  ----------  --------------  -------------------
/opt/airflow/dags/ETL.py                                         1           0  1.13s           2023-10-03T19:50:56
/opt/airflow/dags/resume_generation.py                           1           0  1.15s           2023-10-03T19:50:56
================================================================================
[2023-10-03T19:51:51.896+0000] {manager.py:889} INFO - 
================================================================================
DAG File Processing Stats

File Path                               PID    Runtime      # DAGs    # Errors  Last Runtime    Last Run
--------------------------------------  -----  ---------  --------  ----------  --------------  -------------------
/opt/airflow/dags/ETL.py                                         1           0  2.14s           2023-10-03T19:51:28
/opt/airflow/dags/resume_generation.py                           1           0  2.14s           2023-10-03T19:51:28
================================================================================
[2023-10-03T19:52:22.046+0000] {manager.py:889} INFO - 
================================================================================
DAG File Processing Stats

File Path                               PID    Runtime      # DAGs    # Errors  Last Runtime    Last Run
--------------------------------------  -----  ---------  --------  ----------  --------------  -------------------
/opt/airflow/dags/ETL.py                                         1           0  1.87s           2023-10-03T19:52:00
/opt/airflow/dags/resume_generation.py                           1           0  1.88s           2023-10-03T19:52:00
================================================================================
[2023-10-03T19:52:52.491+0000] {manager.py:889} INFO - 
================================================================================
DAG File Processing Stats

File Path                               PID    Runtime      # DAGs    # Errors  Last Runtime    Last Run
--------------------------------------  -----  ---------  --------  ----------  --------------  -------------------
/opt/airflow/dags/ETL.py                                         1           0  2.14s           2023-10-03T19:52:33
/opt/airflow/dags/resume_generation.py                           1           0  2.16s           2023-10-03T19:52:33
================================================================================
[2023-10-03T19:53:22.799+0000] {manager.py:889} INFO - 
================================================================================
DAG File Processing Stats

File Path                               PID    Runtime      # DAGs    # Errors  Last Runtime    Last Run
--------------------------------------  -----  ---------  --------  ----------  --------------  -------------------
/opt/airflow/dags/ETL.py                                         1           0  2.03s           2023-10-03T19:53:05
/opt/airflow/dags/resume_generation.py                           1           0  2.04s           2023-10-03T19:53:05
================================================================================
[2023-10-03T19:53:52.848+0000] {manager.py:889} INFO - 
================================================================================
DAG File Processing Stats

File Path                               PID    Runtime      # DAGs    # Errors  Last Runtime    Last Run
--------------------------------------  -----  ---------  --------  ----------  --------------  -------------------
/opt/airflow/dags/ETL.py                                         1           0  1.76s           2023-10-03T19:53:37
/opt/airflow/dags/resume_generation.py                           1           0  1.77s           2023-10-03T19:53:37
================================================================================
[2023-10-03T19:54:18.972+0000] {manager.py:758} INFO - Searching for files in /opt/airflow/dags
[2023-10-03T19:54:19.132+0000] {manager.py:761} INFO - There are 2 files in /opt/airflow/dags
[2023-10-03T19:54:23.204+0000] {manager.py:889} INFO - 
================================================================================
DAG File Processing Stats

File Path                               PID    Runtime      # DAGs    # Errors  Last Runtime    Last Run
--------------------------------------  -----  ---------  --------  ----------  --------------  -------------------
/opt/airflow/dags/ETL.py                                         1           0  1.91s           2023-10-03T19:54:09
/opt/airflow/dags/resume_generation.py                           1           0  1.91s           2023-10-03T19:54:09
================================================================================
[2023-10-03T19:54:53.438+0000] {manager.py:889} INFO - 
================================================================================
DAG File Processing Stats

File Path                               PID    Runtime      # DAGs    # Errors  Last Runtime    Last Run
--------------------------------------  -----  ---------  --------  ----------  --------------  -------------------
/opt/airflow/dags/ETL.py                                         1           0  2.14s           2023-10-03T19:54:42
/opt/airflow/dags/resume_generation.py                           1           0  2.14s           2023-10-03T19:54:42
================================================================================
[2023-10-03T19:55:26.199+0000] {manager.py:889} INFO - 
================================================================================
DAG File Processing Stats

File Path                                 PID  Runtime      # DAGs    # Errors  Last Runtime    Last Run
--------------------------------------  -----  ---------  --------  ----------  --------------  -------------------
/opt/airflow/dags/ETL.py                  457  13.58s            1           0  2.14s           2023-10-03T19:54:42
/opt/airflow/dags/resume_generation.py    454  13.59s            1           0  2.14s           2023-10-03T19:54:42
================================================================================
[2023-10-03T19:55:56.412+0000] {manager.py:889} INFO - 
================================================================================
DAG File Processing Stats

File Path                               PID    Runtime      # DAGs    # Errors  Last Runtime    Last Run
--------------------------------------  -----  ---------  --------  ----------  --------------  -------------------
/opt/airflow/dags/ETL.py                                         1           0  13.87s          2023-10-03T19:55:26
/opt/airflow/dags/resume_generation.py                           1           0  13.88s          2023-10-03T19:55:26
================================================================================
[2023-10-03T19:56:26.888+0000] {manager.py:889} INFO - 
================================================================================
DAG File Processing Stats

File Path                               PID    Runtime      # DAGs    # Errors  Last Runtime    Last Run
--------------------------------------  -----  ---------  --------  ----------  --------------  -------------------
/opt/airflow/dags/ETL.py                                         1           0  2.17s           2023-10-03T19:55:58
/opt/airflow/dags/resume_generation.py                           1           0  2.17s           2023-10-03T19:55:58
================================================================================
[2023-10-03T19:56:57.032+0000] {manager.py:889} INFO - 
================================================================================
DAG File Processing Stats

File Path                               PID    Runtime      # DAGs    # Errors  Last Runtime    Last Run
--------------------------------------  -----  ---------  --------  ----------  --------------  -------------------
/opt/airflow/dags/ETL.py                                         1           0  1.89s           2023-10-03T19:56:30
/opt/airflow/dags/resume_generation.py                           1           0  1.90s           2023-10-03T19:56:30
================================================================================
[2023-10-03T19:57:27.122+0000] {manager.py:889} INFO - 
================================================================================
DAG File Processing Stats

File Path                               PID    Runtime      # DAGs    # Errors  Last Runtime    Last Run
--------------------------------------  -----  ---------  --------  ----------  --------------  -------------------
/opt/airflow/dags/ETL.py                                         1           0  2.67s           2023-10-03T19:57:03
/opt/airflow/dags/resume_generation.py                           1           0  2.69s           2023-10-03T19:57:03
================================================================================
[2023-10-03T19:57:57.461+0000] {manager.py:889} INFO - 
================================================================================
DAG File Processing Stats

File Path                               PID    Runtime      # DAGs    # Errors  Last Runtime    Last Run
--------------------------------------  -----  ---------  --------  ----------  --------------  -------------------
/opt/airflow/dags/ETL.py                                         1           0  11.11s          2023-10-03T19:57:45
/opt/airflow/dags/resume_generation.py                           1           0  11.13s          2023-10-03T19:57:45
================================================================================
[2023-10-03T19:58:27.606+0000] {manager.py:889} INFO - 
================================================================================
DAG File Processing Stats

File Path                               PID    Runtime      # DAGs    # Errors  Last Runtime    Last Run
--------------------------------------  -----  ---------  --------  ----------  --------------  -------------------
/opt/airflow/dags/ETL.py                                         1           0  7.12s           2023-10-03T19:58:22
/opt/airflow/dags/resume_generation.py                           1           0  7.13s           2023-10-03T19:58:22
================================================================================
[2023-10-03T19:58:58.221+0000] {manager.py:889} INFO - 
================================================================================
DAG File Processing Stats

File Path                                 PID  Runtime      # DAGs    # Errors  Last Runtime    Last Run
--------------------------------------  -----  ---------  --------  ----------  --------------  -------------------
/opt/airflow/dags/ETL.py                  635  5.36s             1           0  7.12s           2023-10-03T19:58:22
/opt/airflow/dags/resume_generation.py                           1           0  5.36s           2023-10-03T19:58:58
================================================================================
[2023-10-03T19:59:19.549+0000] {manager.py:758} INFO - Searching for files in /opt/airflow/dags
[2023-10-03T19:59:19.803+0000] {manager.py:761} INFO - There are 2 files in /opt/airflow/dags
[2023-10-03T19:59:28.489+0000] {manager.py:889} INFO - 
================================================================================
DAG File Processing Stats

File Path                                 PID  Runtime      # DAGs    # Errors  Last Runtime    Last Run
--------------------------------------  -----  ---------  --------  ----------  --------------  -------------------
/opt/airflow/dags/ETL.py                  659  0.01s             1           0  5.38s           2023-10-03T19:58:58
/opt/airflow/dags/resume_generation.py    658  0.11s             1           0  5.36s           2023-10-03T19:58:58
================================================================================
[2023-10-03T19:59:59.280+0000] {manager.py:889} INFO - 
================================================================================
DAG File Processing Stats

File Path                               PID    Runtime      # DAGs    # Errors  Last Runtime    Last Run
--------------------------------------  -----  ---------  --------  ----------  --------------  -------------------
/opt/airflow/dags/ETL.py                                         1           0  10.22s          2023-10-03T19:59:38
/opt/airflow/dags/resume_generation.py                           1           0  10.33s          2023-10-03T19:59:38
================================================================================
[2023-10-03T20:00:02.900+0000] {manager.py:470} INFO - Exiting gracefully upon receiving signal 15
[2023-10-03T20:03:43.360+0000] {manager.py:487} INFO - Processing files using up to 2 processes at a time 
[2023-10-03T20:03:43.362+0000] {manager.py:488} INFO - Process each file at most once every 30 seconds
[2023-10-03T20:03:43.364+0000] {manager.py:489} INFO - Checking for new files in /opt/airflow/dags every 300 seconds
[2023-10-03T20:03:43.366+0000] {manager.py:758} INFO - Searching for files in /opt/airflow/dags
[2023-10-03T20:03:43.487+0000] {manager.py:761} INFO - There are 2 files in /opt/airflow/dags
[2023-10-03T20:03:43.563+0000] {manager.py:889} INFO - 
================================================================================
DAG File Processing Stats

File Path                                 PID  Runtime      # DAGs    # Errors  Last Runtime    Last Run
--------------------------------------  -----  ---------  --------  ----------  --------------  ----------
/opt/airflow/dags/ETL.py                  174  0.03s             0           0
/opt/airflow/dags/resume_generation.py    171  0.03s             0           0
================================================================================
[2023-10-03T20:04:13.706+0000] {manager.py:889} INFO - 
================================================================================
DAG File Processing Stats

File Path                               PID    Runtime      # DAGs    # Errors  Last Runtime    Last Run
--------------------------------------  -----  ---------  --------  ----------  --------------  -------------------
/opt/airflow/dags/ETL.py                                         1           0  1.98s           2023-10-03T20:03:45
/opt/airflow/dags/resume_generation.py                           1           0  1.98s           2023-10-03T20:03:45
================================================================================
[2023-10-03T20:04:44.011+0000] {manager.py:889} INFO - 
================================================================================
DAG File Processing Stats

File Path                               PID    Runtime      # DAGs    # Errors  Last Runtime    Last Run
--------------------------------------  -----  ---------  --------  ----------  --------------  -------------------
/opt/airflow/dags/ETL.py                                         1           0  1.98s           2023-10-03T20:04:17
/opt/airflow/dags/resume_generation.py                           1           0  2.01s           2023-10-03T20:04:17
================================================================================
[2023-10-03T20:05:14.411+0000] {manager.py:889} INFO - 
================================================================================
DAG File Processing Stats

File Path                               PID    Runtime      # DAGs    # Errors  Last Runtime    Last Run
--------------------------------------  -----  ---------  --------  ----------  --------------  -------------------
/opt/airflow/dags/ETL.py                                         1           0  1.39s           2023-10-03T20:04:49
/opt/airflow/dags/resume_generation.py                           1           0  1.40s           2023-10-03T20:04:49
================================================================================
[2023-10-03T20:05:44.551+0000] {manager.py:889} INFO - 
================================================================================
DAG File Processing Stats

File Path                               PID    Runtime      # DAGs    # Errors  Last Runtime    Last Run
--------------------------------------  -----  ---------  --------  ----------  --------------  -------------------
/opt/airflow/dags/ETL.py                                         1           0  1.38s           2023-10-03T20:05:21
/opt/airflow/dags/resume_generation.py                           1           0  1.39s           2023-10-03T20:05:21
================================================================================
[2023-10-03T20:06:14.864+0000] {manager.py:889} INFO - 
================================================================================
DAG File Processing Stats

File Path                               PID    Runtime      # DAGs    # Errors  Last Runtime    Last Run
--------------------------------------  -----  ---------  --------  ----------  --------------  -------------------
/opt/airflow/dags/ETL.py                                         1           0  1.42s           2023-10-03T20:05:53
/opt/airflow/dags/resume_generation.py                           1           0  1.44s           2023-10-03T20:05:53
================================================================================
[2023-10-03T20:06:45.058+0000] {manager.py:889} INFO - 
================================================================================
DAG File Processing Stats

File Path                               PID    Runtime      # DAGs    # Errors  Last Runtime    Last Run
--------------------------------------  -----  ---------  --------  ----------  --------------  -------------------
/opt/airflow/dags/ETL.py                                         1           0  1.37s           2023-10-03T20:06:24
/opt/airflow/dags/resume_generation.py                           1           0  1.39s           2023-10-03T20:06:24
================================================================================
[2023-10-03T20:07:15.489+0000] {manager.py:889} INFO - 
================================================================================
DAG File Processing Stats

File Path                               PID    Runtime      # DAGs    # Errors  Last Runtime    Last Run
--------------------------------------  -----  ---------  --------  ----------  --------------  -------------------
/opt/airflow/dags/ETL.py                                         1           0  1.40s           2023-10-03T20:06:56
/opt/airflow/dags/resume_generation.py                           1           0  1.42s           2023-10-03T20:06:56
================================================================================
[2023-10-03T20:07:46.220+0000] {manager.py:889} INFO - 
================================================================================
DAG File Processing Stats

File Path                               PID    Runtime      # DAGs    # Errors  Last Runtime    Last Run
--------------------------------------  -----  ---------  --------  ----------  --------------  -------------------
/opt/airflow/dags/ETL.py                                         1           0  1.37s           2023-10-03T20:07:28
/opt/airflow/dags/resume_generation.py                           1           0  1.38s           2023-10-03T20:07:28
================================================================================
[2023-10-03T20:08:16.584+0000] {manager.py:889} INFO - 
================================================================================
DAG File Processing Stats

File Path                               PID    Runtime      # DAGs    # Errors  Last Runtime    Last Run
--------------------------------------  -----  ---------  --------  ----------  --------------  -------------------
/opt/airflow/dags/ETL.py                                         1           0  1.16s           2023-10-03T20:07:59
/opt/airflow/dags/resume_generation.py                           1           0  1.17s           2023-10-03T20:07:59
================================================================================
[2023-10-03T20:08:44.132+0000] {manager.py:758} INFO - Searching for files in /opt/airflow/dags
[2023-10-03T20:08:44.321+0000] {manager.py:761} INFO - There are 2 files in /opt/airflow/dags
[2023-10-03T20:08:47.394+0000] {manager.py:889} INFO - 
================================================================================
DAG File Processing Stats

File Path                               PID    Runtime      # DAGs    # Errors  Last Runtime    Last Run
--------------------------------------  -----  ---------  --------  ----------  --------------  -------------------
/opt/airflow/dags/ETL.py                                         1           0  3.28s           2023-10-03T20:08:33
/opt/airflow/dags/resume_generation.py                           1           0  3.30s           2023-10-03T20:08:33
================================================================================
[2023-10-03T20:09:17.826+0000] {manager.py:889} INFO - 
================================================================================
DAG File Processing Stats

File Path                               PID    Runtime      # DAGs    # Errors  Last Runtime    Last Run
--------------------------------------  -----  ---------  --------  ----------  --------------  -------------------
/opt/airflow/dags/ETL.py                                         1           0  2.07s           2023-10-03T20:09:05
/opt/airflow/dags/resume_generation.py                           1           0  2.10s           2023-10-03T20:09:05
================================================================================
[2023-10-03T20:09:48.390+0000] {manager.py:889} INFO - 
================================================================================
DAG File Processing Stats

File Path                               PID    Runtime      # DAGs    # Errors  Last Runtime    Last Run
--------------------------------------  -----  ---------  --------  ----------  --------------  -------------------
/opt/airflow/dags/ETL.py                                         1           0  2.49s           2023-10-03T20:09:38
/opt/airflow/dags/resume_generation.py                           1           0  2.53s           2023-10-03T20:09:38
================================================================================
[2023-10-03T20:10:19.035+0000] {manager.py:889} INFO - 
================================================================================
DAG File Processing Stats

File Path                               PID    Runtime      # DAGs    # Errors  Last Runtime    Last Run
--------------------------------------  -----  ---------  --------  ----------  --------------  -------------------
/opt/airflow/dags/ETL.py                                         1           0  1.47s           2023-10-03T20:10:10
/opt/airflow/dags/resume_generation.py                           1           0  1.49s           2023-10-03T20:10:10
================================================================================
[2023-10-03T20:10:49.532+0000] {manager.py:889} INFO - 
================================================================================
DAG File Processing Stats

File Path                               PID    Runtime      # DAGs    # Errors  Last Runtime    Last Run
--------------------------------------  -----  ---------  --------  ----------  --------------  -------------------
/opt/airflow/dags/ETL.py                                         1           0  1.50s           2023-10-03T20:10:41
/opt/airflow/dags/resume_generation.py                           1           0  1.51s           2023-10-03T20:10:41
================================================================================
[2023-10-03T20:11:20.860+0000] {manager.py:889} INFO - 
================================================================================
DAG File Processing Stats

File Path                                 PID  Runtime      # DAGs    # Errors  Last Runtime    Last Run
--------------------------------------  -----  ---------  --------  ----------  --------------  -------------------
/opt/airflow/dags/ETL.py                  565  8.69s             1           0  1.50s           2023-10-03T20:10:41
/opt/airflow/dags/resume_generation.py    562  8.71s             1           0  1.51s           2023-10-03T20:10:41
================================================================================
[2023-10-03T20:11:52.203+0000] {manager.py:889} INFO - 
================================================================================
DAG File Processing Stats

File Path                               PID    Runtime      # DAGs    # Errors  Last Runtime    Last Run
--------------------------------------  -----  ---------  --------  ----------  --------------  -------------------
/opt/airflow/dags/ETL.py                                         1           0  15.89s          2023-10-03T20:11:28
/opt/airflow/dags/resume_generation.py                           1           0  15.92s          2023-10-03T20:11:28
================================================================================
[2023-10-03T20:12:22.741+0000] {manager.py:889} INFO - 
================================================================================
DAG File Processing Stats

File Path                               PID    Runtime      # DAGs    # Errors  Last Runtime    Last Run
--------------------------------------  -----  ---------  --------  ----------  --------------  -------------------
/opt/airflow/dags/ETL.py                                         1           0  3.16s           2023-10-03T20:12:01
/opt/airflow/dags/resume_generation.py                           1           0  3.17s           2023-10-03T20:12:01
================================================================================
[2023-10-03T20:12:53.391+0000] {manager.py:889} INFO - 
================================================================================
DAG File Processing Stats

File Path                               PID    Runtime      # DAGs    # Errors  Last Runtime    Last Run
--------------------------------------  -----  ---------  --------  ----------  --------------  -------------------
/opt/airflow/dags/ETL.py                                         1           0  2.27s           2023-10-03T20:12:34
/opt/airflow/dags/resume_generation.py                           1           0  2.29s           2023-10-03T20:12:34
================================================================================
[2023-10-03T20:13:23.780+0000] {manager.py:889} INFO - 
================================================================================
DAG File Processing Stats

File Path                               PID    Runtime      # DAGs    # Errors  Last Runtime    Last Run
--------------------------------------  -----  ---------  --------  ----------  --------------  -------------------
/opt/airflow/dags/ETL.py                                         1           0  2.10s           2023-10-03T20:13:06
/opt/airflow/dags/resume_generation.py                           1           0  2.10s           2023-10-03T20:13:06
================================================================================
[2023-10-03T20:13:44.708+0000] {manager.py:758} INFO - Searching for files in /opt/airflow/dags
[2023-10-03T20:13:44.885+0000] {manager.py:761} INFO - There are 2 files in /opt/airflow/dags
[2023-10-03T20:13:53.988+0000] {manager.py:889} INFO - 
================================================================================
DAG File Processing Stats

File Path                               PID    Runtime      # DAGs    # Errors  Last Runtime    Last Run
--------------------------------------  -----  ---------  --------  ----------  --------------  -------------------
/opt/airflow/dags/ETL.py                                         1           0  1.67s           2023-10-03T20:13:38
/opt/airflow/dags/resume_generation.py                           1           0  1.68s           2023-10-03T20:13:38
================================================================================
[2023-10-03T20:14:24.318+0000] {manager.py:889} INFO - 
================================================================================
DAG File Processing Stats

File Path                               PID    Runtime      # DAGs    # Errors  Last Runtime    Last Run
--------------------------------------  -----  ---------  --------  ----------  --------------  -------------------
/opt/airflow/dags/ETL.py                                         1           0  3.03s           2023-10-03T20:14:12
/opt/airflow/dags/resume_generation.py                           1           0  3.06s           2023-10-03T20:14:12
================================================================================
[2023-10-03T20:14:54.855+0000] {manager.py:889} INFO - 
================================================================================
DAG File Processing Stats

File Path                               PID    Runtime      # DAGs    # Errors  Last Runtime    Last Run
--------------------------------------  -----  ---------  --------  ----------  --------------  -------------------
/opt/airflow/dags/ETL.py                                         1           0  3.18s           2023-10-03T20:14:45
/opt/airflow/dags/resume_generation.py                           1           0  3.21s           2023-10-03T20:14:45
================================================================================
[2023-10-03T20:15:25.039+0000] {manager.py:889} INFO - 
================================================================================
DAG File Processing Stats

File Path                               PID    Runtime      # DAGs    # Errors  Last Runtime    Last Run
--------------------------------------  -----  ---------  --------  ----------  --------------  -------------------
/opt/airflow/dags/ETL.py                                         1           0  2.78s           2023-10-03T20:15:18
/opt/airflow/dags/resume_generation.py                           1           0  2.80s           2023-10-03T20:15:18
================================================================================
[2023-10-03T20:15:55.547+0000] {manager.py:889} INFO - 
================================================================================
DAG File Processing Stats

File Path                               PID    Runtime      # DAGs    # Errors  Last Runtime    Last Run
--------------------------------------  -----  ---------  --------  ----------  --------------  -------------------
/opt/airflow/dags/ETL.py                                         1           0  2.21s           2023-10-03T20:15:51
/opt/airflow/dags/resume_generation.py                           1           0  2.24s           2023-10-03T20:15:51
================================================================================
[2023-10-03T20:16:26.176+0000] {manager.py:889} INFO - 
================================================================================
DAG File Processing Stats

File Path                                 PID  Runtime      # DAGs    # Errors  Last Runtime    Last Run
--------------------------------------  -----  ---------  --------  ----------  --------------  -------------------
/opt/airflow/dags/ETL.py                  781  4.08s             1           0  2.21s           2023-10-03T20:15:51
/opt/airflow/dags/resume_generation.py    778  4.10s             1           0  2.24s           2023-10-03T20:15:51
================================================================================
[2023-10-03T20:16:56.581+0000] {manager.py:889} INFO - 
================================================================================
DAG File Processing Stats

File Path                               PID    Runtime      # DAGs    # Errors  Last Runtime    Last Run
--------------------------------------  -----  ---------  --------  ----------  --------------  -------------------
/opt/airflow/dags/ETL.py                                         1           0  22.61s          2023-10-03T20:16:44
/opt/airflow/dags/resume_generation.py                           1           0  22.61s          2023-10-03T20:16:44
================================================================================
[2023-10-03T20:17:29.097+0000] {manager.py:889} INFO - 
================================================================================
DAG File Processing Stats

File Path                                 PID  Runtime      # DAGs    # Errors  Last Runtime    Last Run
--------------------------------------  -----  ---------  --------  ----------  --------------  -------------------
/opt/airflow/dags/ETL.py                  805  12.59s            1           0  22.61s          2023-10-03T20:16:44
/opt/airflow/dags/resume_generation.py    802  12.60s            1           0  22.61s          2023-10-03T20:16:44
================================================================================
[2023-10-03T20:18:00.142+0000] {manager.py:889} INFO - 
================================================================================
DAG File Processing Stats

File Path                               PID    Runtime      # DAGs    # Errors  Last Runtime    Last Run
--------------------------------------  -----  ---------  --------  ----------  --------------  -------------------
/opt/airflow/dags/ETL.py                                         1           0  41.37s          2023-10-03T20:17:56
/opt/airflow/dags/resume_generation.py                           1           0  41.43s          2023-10-03T20:17:56
================================================================================
[2023-10-03T20:18:30.523+0000] {manager.py:889} INFO - 
================================================================================
DAG File Processing Stats

File Path                               PID    Runtime      # DAGs    # Errors  Last Runtime    Last Run
--------------------------------------  -----  ---------  --------  ----------  --------------  -------------------
/opt/airflow/dags/ETL.py                                         1           0  1.47s           2023-10-03T20:18:27
/opt/airflow/dags/resume_generation.py                           1           0  1.49s           2023-10-03T20:18:27
================================================================================
[2023-10-03T20:18:45.162+0000] {manager.py:758} INFO - Searching for files in /opt/airflow/dags
[2023-10-03T20:18:45.352+0000] {manager.py:761} INFO - There are 2 files in /opt/airflow/dags
[2023-10-03T20:19:00.581+0000] {manager.py:889} INFO - 
================================================================================
DAG File Processing Stats

File Path                               PID    Runtime      # DAGs    # Errors  Last Runtime    Last Run
--------------------------------------  -----  ---------  --------  ----------  --------------  -------------------
/opt/airflow/dags/ETL.py                                         1           0  1.06s           2023-10-03T20:18:59
/opt/airflow/dags/resume_generation.py                           1           0  1.07s           2023-10-03T20:18:59
================================================================================
[2023-10-03T20:19:31.000+0000] {manager.py:889} INFO - 
================================================================================
DAG File Processing Stats

File Path                                 PID  Runtime      # DAGs    # Errors  Last Runtime    Last Run
--------------------------------------  -----  ---------  --------  ----------  --------------  -------------------
/opt/airflow/dags/ETL.py                  877  1.01s             1           0  1.06s           2023-10-03T20:18:59
/opt/airflow/dags/resume_generation.py    874  1.02s             1           0  1.07s           2023-10-03T20:18:59
================================================================================
[2023-10-03T20:20:01.469+0000] {manager.py:889} INFO - 
================================================================================
DAG File Processing Stats

File Path                                 PID  Runtime      # DAGs    # Errors  Last Runtime    Last Run
--------------------------------------  -----  ---------  --------  ----------  --------------  -------------------
/opt/airflow/dags/ETL.py                  901  0.01s             1           0  1.13s           2023-10-03T20:19:31
/opt/airflow/dags/resume_generation.py    898  0.03s             1           0  1.15s           2023-10-03T20:19:31
================================================================================
[2023-10-03T20:20:31.832+0000] {manager.py:889} INFO - 
================================================================================
DAG File Processing Stats

File Path                               PID    Runtime      # DAGs    # Errors  Last Runtime    Last Run
--------------------------------------  -----  ---------  --------  ----------  --------------  -------------------
/opt/airflow/dags/ETL.py                                         1           0  1.04s           2023-10-03T20:20:02
/opt/airflow/dags/resume_generation.py                           1           0  1.06s           2023-10-03T20:20:02
================================================================================
[2023-10-03T20:21:02.222+0000] {manager.py:889} INFO - 
================================================================================
DAG File Processing Stats

File Path                               PID    Runtime      # DAGs    # Errors  Last Runtime    Last Run
--------------------------------------  -----  ---------  --------  ----------  --------------  -------------------
/opt/airflow/dags/ETL.py                                         1           0  0.99s           2023-10-03T20:20:33
/opt/airflow/dags/resume_generation.py                           1           0  1.01s           2023-10-03T20:20:33
================================================================================
[2023-10-03T20:21:32.647+0000] {manager.py:889} INFO - 
================================================================================
DAG File Processing Stats

File Path                               PID    Runtime      # DAGs    # Errors  Last Runtime    Last Run
--------------------------------------  -----  ---------  --------  ----------  --------------  -------------------
/opt/airflow/dags/ETL.py                                         1           0  1.01s           2023-10-03T20:21:05
/opt/airflow/dags/resume_generation.py                           1           0  1.03s           2023-10-03T20:21:05
================================================================================
[2023-10-03T20:22:03.077+0000] {manager.py:889} INFO - 
================================================================================
DAG File Processing Stats

File Path                               PID    Runtime      # DAGs    # Errors  Last Runtime    Last Run
--------------------------------------  -----  ---------  --------  ----------  --------------  -------------------
/opt/airflow/dags/ETL.py                                         1           0  1.01s           2023-10-03T20:21:36
/opt/airflow/dags/resume_generation.py                           1           0  1.03s           2023-10-03T20:21:36
================================================================================
[2023-10-03T20:22:33.455+0000] {manager.py:889} INFO - 
================================================================================
DAG File Processing Stats

File Path                               PID    Runtime      # DAGs    # Errors  Last Runtime    Last Run
--------------------------------------  -----  ---------  --------  ----------  --------------  -------------------
/opt/airflow/dags/ETL.py                                         1           0  0.99s           2023-10-03T20:22:08
/opt/airflow/dags/resume_generation.py                           1           0  0.98s           2023-10-03T20:22:08
================================================================================
[2023-10-03T20:23:03.854+0000] {manager.py:889} INFO - 
================================================================================
DAG File Processing Stats

File Path                               PID    Runtime      # DAGs    # Errors  Last Runtime    Last Run
--------------------------------------  -----  ---------  --------  ----------  --------------  -------------------
/opt/airflow/dags/ETL.py                                         1           0  1.05s           2023-10-03T20:22:39
/opt/airflow/dags/resume_generation.py                           1           0  1.07s           2023-10-03T20:22:39
================================================================================
[2023-10-03T20:23:34.318+0000] {manager.py:889} INFO - 
================================================================================
DAG File Processing Stats

File Path                               PID    Runtime      # DAGs    # Errors  Last Runtime    Last Run
--------------------------------------  -----  ---------  --------  ----------  --------------  -------------------
/opt/airflow/dags/ETL.py                                         1           0  0.99s           2023-10-03T20:23:10
/opt/airflow/dags/resume_generation.py                           1           0  1.01s           2023-10-03T20:23:10
================================================================================
[2023-10-03T20:23:45.507+0000] {manager.py:758} INFO - Searching for files in /opt/airflow/dags
[2023-10-03T20:23:45.613+0000] {manager.py:761} INFO - There are 2 files in /opt/airflow/dags
[2023-10-03T20:24:04.915+0000] {manager.py:889} INFO - 
================================================================================
DAG File Processing Stats

File Path                               PID    Runtime      # DAGs    # Errors  Last Runtime    Last Run
--------------------------------------  -----  ---------  --------  ----------  --------------  -------------------
/opt/airflow/dags/ETL.py                                         1           0  1.01s           2023-10-03T20:23:42
/opt/airflow/dags/resume_generation.py                           1           0  1.02s           2023-10-03T20:23:42
================================================================================
[2023-10-03T20:24:35.365+0000] {manager.py:889} INFO - 
================================================================================
DAG File Processing Stats

File Path                               PID    Runtime      # DAGs    # Errors  Last Runtime    Last Run
--------------------------------------  -----  ---------  --------  ----------  --------------  -------------------
/opt/airflow/dags/ETL.py                                         1           0  1.01s           2023-10-03T20:24:14
/opt/airflow/dags/resume_generation.py                           1           0  1.02s           2023-10-03T20:24:14
================================================================================
[2023-10-03T20:25:05.752+0000] {manager.py:889} INFO - 
================================================================================
DAG File Processing Stats

File Path                               PID    Runtime      # DAGs    # Errors  Last Runtime    Last Run
--------------------------------------  -----  ---------  --------  ----------  --------------  -------------------
/opt/airflow/dags/ETL.py                                         1           0  0.99s           2023-10-03T20:24:45
/opt/airflow/dags/resume_generation.py                           1           0  1.01s           2023-10-03T20:24:45
================================================================================
[2023-10-03T20:25:36.138+0000] {manager.py:889} INFO - 
================================================================================
DAG File Processing Stats

File Path                               PID    Runtime      # DAGs    # Errors  Last Runtime    Last Run
--------------------------------------  -----  ---------  --------  ----------  --------------  -------------------
/opt/airflow/dags/ETL.py                                         1           0  1.02s           2023-10-03T20:25:16
/opt/airflow/dags/resume_generation.py                           1           0  1.03s           2023-10-03T20:25:16
================================================================================
[2023-10-03T20:26:01.071+0000] {manager.py:470} INFO - Exiting gracefully upon receiving signal 15
